2026-02-23 01:12:13.114 xcodebuild[49170:11026613]  DVTFilePathFSEvents: Failed to start fs event stream.
2026-02-23 01:12:13.280 xcodebuild[49170:11026609] [MT] DVTDeveloperPaths: Failed to get length of DARWIN_USER_CACHE_DIR from confstr(3), error = Error Domain=NSPOSIXErrorDomain Code=5 "Input/output error". Using NSCachesDirectory instead.
2026-02-23 01:12:13.547 xcodebuild[49170:11026614] CoreSimulatorService connection became invalid.  Simulator services will no longer be available.
2026-02-23 01:12:13.547 xcodebuild[49170:11026614] Logging connecton invalid: <OS_xpc_error: <dictionary: 0x1ef389460> { count = 1, transaction: 0, voucher = 0x0, contents =
	"XPCErrorDescription" => <string: 0x1ef3895a8> { string cache = 0x0, length = 18, contents = "Connection invalid" }
}>
2026-02-23 01:12:13.548 xcodebuild[49170:11026615] Error opening log file (/Users/hariom/Library/Logs/CoreSimulator/CoreSimulator.com.apple.dt.xcodebuild.log): Operation not permitted
[-[SimServiceContext sendRequest:]:1743] ERROR : Unable to deliver request ({
    "developer_dir" = "/Applications/Xcode.app/Contents/Developer";
    request = "set_developer_dir";
}) because we are not connected to CoreSimulatorService.
Command line invocation:
    /Applications/Xcode.app/Contents/Developer/usr/bin/xcodebuild -project /Users/hariom/Desktop/WellPlate/WellPlate.xcodeproj -scheme WellPlate -configuration Release -destination generic/platform=iOS -derivedDataPath /Users/hariom/Desktop/WellPlate/.derivedData-release CODE_SIGNING_ALLOWED=NO build

Build settings from command line:
    CODE_SIGNING_ALLOWED = NO

2026-02-23 01:12:13.605 xcodebuild[49170:11026609] [MT] DVTAssertions: Warning in DVTFrameworks/DVTFoundation/FileTypes/DVTFileDataTypeDetection.m:79
Details:  detectedTypeIdentifier (com.apple.xml-property-list) does not conform to matchedTypeIdentifier in MagicFileDataTypeDetector extenson com.apple.property-list. When both are specified, this conformance is required unless overridden by setting allowNonInheritance. extension.identifier:Xcode.MagicFileDataTypeDetector.XMLPlist
Object:   <DVTFileDataTypeDetectionMagicCache: 0xb892e7270>
Method:   -initWithExtension:
Thread:   <_NSMainThread: 0x104d89730>{number = 1, name = main}
Please file a bug at https://feedbackassistant.apple.com with this warning message and any useful information you can provide.
2026-02-23 01:12:13.609 xcodebuild[49170:11026609] [MT] DVTAssertions: Warning in DVTFrameworks/DVTFoundation/FileTypes/DVTFileDataTypeDetection.m:79
Details:  detectedTypeIdentifier (com.apple.binary-property-list) does not conform to matchedTypeIdentifier in MagicFileDataTypeDetector extenson com.apple.property-list. When both are specified, this conformance is required unless overridden by setting allowNonInheritance. extension.identifier:Xcode.MagicFileDataTypeDetector.BinaryPlist
Object:   <DVTFileDataTypeDetectionMagicCache: 0xb8a3892c0>
Method:   -initWithExtension:
Thread:   <_NSMainThread: 0x104d89730>{number = 1, name = main}
Please file a bug at https://feedbackassistant.apple.com with this warning message and any useful information you can provide.
[-[SimServiceContext initWithDeveloperDir:connectionType:error:]:450] WARN  : Unable to discover any Simulator runtimes. Developer Directory is /Applications/Xcode.app/Contents/Developer.
[-[SimDiskImageManager _onQueue_checkConnection:]:239] ERROR : simdiskimaged returned error (invalid), marking disconnected.
[-[SimDiskImageManager init]:175] ERROR : Could not kickstart simdiskimaged; SimDiskImageManager services will not be available: Error Domain=NSPOSIXErrorDomain Code=53 "Software caused connection abort" UserInfo={NSLocalizedDescription=Error returned in reply from CoreSimulatorService: Connection invalid}
[-[SimDiskImageManager _onQueue_checkConnection:]:239] ERROR : simdiskimaged returned error (invalid), marking disconnected.
[-[SimServiceContext initWithDeveloperDir:connectionType:error:]_block_invoke:486] ERROR : Could not get list of trusted mount directories: Error Domain=com.apple.CoreSimulator.SimError Code=410 "The service used to manage runtime disk images (simdiskimaged) crashed or is not responding" UserInfo={NSLocalizedDescription=The service used to manage runtime disk images (simdiskimaged) crashed or is not responding}
[-[SimServiceContext sendRequest:reply:error:]:1763] ERROR : Unable to deliver request ({
    request = "notification_subscription";
    "set_path" = "/Users/hariom/Library/Developer/CoreSimulator/Devices";
}) because we are not connected to CoreSimulatorService.
2026-02-23 01:12:13.611 xcodebuild[49170:11026614] Error Domain=NSPOSIXErrorDomain Code=61 "Connection refused" UserInfo={NSLocalizedDescription=CoreSimulatorService connection became invalid.  Simulator services will no longer be available.}
[-[SimServiceContext sendRequest:reply:error:]:1763] ERROR : Unable to deliver request ({
    request = "notification_subscription";
    "set_path" = "/Users/hariom/Library/Developer/CoreSimulator/Devices";
}) because we are not connected to CoreSimulatorService.
2026-02-23 01:12:13.614 xcodebuild[49170:11026614]  iOSSimulator: [SimServiceContext defaultDeviceSetWithError:] returned nil (Error Domain=NSPOSIXErrorDomain Code=61 "Connection refused" UserInfo={NSLocalizedFailureReason=Failed to subscribe to notifications from CoreSimulatorService., NSLocalizedDescription=Failed to initialize simulator device set., NSUnderlyingError=0xb892e5ce0 {Error Domain=NSPOSIXErrorDomain Code=61 "Connection refused" UserInfo={NSLocalizedDescription=CoreSimulatorService connection became invalid.  Simulator services will no longer be available.}}}). Simulator device support disabled.
2026-02-23 01:12:13.614 xcodebuild[49170:11026613] Error Domain=NSPOSIXErrorDomain Code=61 "Connection refused" UserInfo={NSLocalizedDescription=CoreSimulatorService connection became invalid.  Simulator services will no longer be available.}
2026-02-23 01:12:13.615 xcodebuild[49170:11026613]  IDESimulatorAvailability: startObservingSimulatorUpdates() FAILED to register SimDeviceSet observer
2026-02-23 01:12:13.701 xcodebuild[49170:11026655]  DVTProvisioningProfileManager: Failed to load profile "/Users/hariom/Library/Developer/Xcode/UserData/Provisioning Profiles/6fc4b327-6f99-4ba9-b796-2abe04d1c67d.mobileprovision" (Error Domain=DVTProvisioningProfileProviderErrorDomain Code=1 "Failed to load profile." UserInfo={NSLocalizedDescription=Failed to load profile., NSLocalizedRecoverySuggestion=Profile is missing the required UUID property.})
2026-02-23 01:12:13.701 xcodebuild[49170:11026663]  DVTProvisioningProfileManager: Failed to load profile "/Users/hariom/Library/Developer/Xcode/UserData/Provisioning Profiles/0e61e5c1-4a10-46d7-8c57-6b9e4533e97d.mobileprovision" (Error Domain=DVTProvisioningProfileProviderErrorDomain Code=1 "Failed to load profile." UserInfo={NSLocalizedDescription=Failed to load profile., NSLocalizedRecoverySuggestion=Profile is missing the required UUID property.})
2026-02-23 01:12:13.701 xcodebuild[49170:11026661]  DVTProvisioningProfileManager: Failed to load profile "/Users/hariom/Library/Developer/Xcode/UserData/Provisioning Profiles/0e4b6c1a-e444-43a3-b99f-a999c543d153.mobileprovision" (Error Domain=DVTProvisioningProfileProviderErrorDomain Code=1 "Failed to load profile." UserInfo={NSLocalizedDescription=Failed to load profile., NSLocalizedRecoverySuggestion=Profile is missing the required UUID property.})
2026-02-23 01:12:13.701 xcodebuild[49170:11026662]  DVTProvisioningProfileManager: Failed to load profile "/Users/hariom/Library/Developer/Xcode/UserData/Provisioning Profiles/dfe49057-4ffe-4950-9479-e58934321f40.mobileprovision" (Error Domain=DVTProvisioningProfileProviderErrorDomain Code=1 "Failed to load profile." UserInfo={NSLocalizedDescription=Failed to load profile., NSLocalizedRecoverySuggestion=Profile is missing the required UUID property.})
2026-02-23 01:12:13.701 xcodebuild[49170:11026614]  DVTProvisioningProfileManager: Failed to load profile "/Users/hariom/Library/Developer/Xcode/UserData/Provisioning Profiles/3ab9c7fd-4fc9-492d-95bd-4d585bdf89fa.mobileprovision" (Error Domain=DVTProvisioningProfileProviderErrorDomain Code=1 "Failed to load profile." UserInfo={NSLocalizedDescription=Failed to load profile., NSLocalizedRecoverySuggestion=Profile is missing the required UUID property.})
2026-02-23 01:12:13.701 xcodebuild[49170:11026615]  DVTProvisioningProfileManager: Failed to load profile "/Users/hariom/Library/Developer/Xcode/UserData/Provisioning Profiles/bf3ccf9d-61b6-4bdb-9780-96dfc315f41c.mobileprovision" (Error Domain=DVTProvisioningProfileProviderErrorDomain Code=1 "Failed to load profile." UserInfo={NSLocalizedDescription=Failed to load profile., NSLocalizedRecoverySuggestion=Profile is missing the required UUID property.})
2026-02-23 01:12:13.701 xcodebuild[49170:11026660]  DVTProvisioningProfileManager: Failed to load profile "/Users/hariom/Library/Developer/Xcode/UserData/Provisioning Profiles/a2fa1dae-eb34-49d9-8619-b13c612ff599.mobileprovision" (Error Domain=DVTProvisioningProfileProviderErrorDomain Code=1 "Failed to load profile." UserInfo={NSLocalizedDescription=Failed to load profile., NSLocalizedRecoverySuggestion=Profile is missing the required UUID property.})
2026-02-23 01:12:13.701 xcodebuild[49170:11026654]  DVTProvisioningProfileManager: Failed to load profile "/Users/hariom/Library/Developer/Xcode/UserData/Provisioning Profiles/e4f1e651-05ef-4d80-90bb-ce6e09789c82.mobileprovision" (Error Domain=DVTProvisioningProfileProviderErrorDomain Code=1 "Failed to load profile." UserInfo={NSLocalizedDescription=Failed to load profile., NSLocalizedRecoverySuggestion=Profile is missing the required UUID property.})
2026-02-23 01:12:13.703 xcodebuild[49170:11026655]  DVTProvisioningProfileManager: Failed to load profile "/Users/hariom/Library/Developer/Xcode/UserData/Provisioning Profiles/11430003-c2e4-4db0-b378-5e14907924ed.mobileprovision" (Error Domain=DVTProvisioningProfileProviderErrorDomain Code=1 "Failed to load profile." UserInfo={NSLocalizedDescription=Failed to load profile., NSLocalizedRecoverySuggestion=Profile is missing the required UUID property.})
2026-02-23 01:12:13.707 xcodebuild[49170:11026614]  DVTProvisioningProfileManager: Failed to load profile "/Users/hariom/Library/Developer/Xcode/UserData/Provisioning Profiles/a03268f1-72b3-4ce7-b78e-361555cb7eaf.mobileprovision" (Error Domain=DVTProvisioningProfileProviderErrorDomain Code=1 "Failed to load profile." UserInfo={NSLocalizedDescription=Failed to load profile., NSLocalizedRecoverySuggestion=Profile is missing the required UUID property.})
2026-02-23 01:12:13.708 xcodebuild[49170:11026661]  DVTProvisioningProfileManager: Failed to load profile "/Users/hariom/Library/Developer/Xcode/UserData/Provisioning Profiles/80025728-4ad6-4c50-b203-ef2db9679cb8.mobileprovision" (Error Domain=DVTProvisioningProfileProviderErrorDomain Code=1 "Failed to load profile." UserInfo={NSLocalizedDescription=Failed to load profile., NSLocalizedRecoverySuggestion=Profile is missing the required UUID property.})
2026-02-23 01:12:13.708 xcodebuild[49170:11026660]  DVTProvisioningProfileManager: Failed to load profile "/Users/hariom/Library/Developer/Xcode/UserData/Provisioning Profiles/d73a7634-f729-47b4-b30d-202a69f2f6cd.mobileprovision" (Error Domain=DVTProvisioningProfileProviderErrorDomain Code=1 "Failed to load profile." UserInfo={NSLocalizedDescription=Failed to load profile., NSLocalizedRecoverySuggestion=Profile is missing the required UUID property.})
2026-02-23 01:12:13.708 xcodebuild[49170:11026615]  DVTProvisioningProfileManager: Failed to load profile "/Users/hariom/Library/Developer/Xcode/UserData/Provisioning Profiles/c524398e-a89c-4c1e-9c9e-d3a30b660ca8.mobileprovision" (Error Domain=DVTProvisioningProfileProviderErrorDomain Code=1 "Failed to load profile." UserInfo={NSLocalizedDescription=Failed to load profile., NSLocalizedRecoverySuggestion=Profile is missing the required UUID property.})
2026-02-23 01:12:13.708 xcodebuild[49170:11026655]  DVTProvisioningProfileManager: Failed to load profile "/Users/hariom/Library/Developer/Xcode/UserData/Provisioning Profiles/caf064c8-a12a-4fb6-91d8-d595ca75cf59.mobileprovision" (Error Domain=DVTProvisioningProfileProviderErrorDomain Code=1 "Failed to load profile." UserInfo={NSLocalizedDescription=Failed to load profile., NSLocalizedRecoverySuggestion=Profile is missing the required UUID property.})
2026-02-23 01:12:13.708 xcodebuild[49170:11026662]  DVTProvisioningProfileManager: Failed to load profile "/Users/hariom/Library/Developer/Xcode/UserData/Provisioning Profiles/4b1579df-bf25-4d46-9453-522ec1c5a0b2.mobileprovision" (Error Domain=DVTProvisioningProfileProviderErrorDomain Code=1 "Failed to load profile." UserInfo={NSLocalizedDescription=Failed to load profile., NSLocalizedRecoverySuggestion=Profile is missing the required UUID property.})
2026-02-23 01:12:13.708 xcodebuild[49170:11026663]  DVTProvisioningProfileManager: Failed to load profile "/Users/hariom/Library/Developer/Xcode/UserData/Provisioning Profiles/3cd5d499-cafb-4601-8ab3-c877e30fdba2.mobileprovision" (Error Domain=DVTProvisioningProfileProviderErrorDomain Code=1 "Failed to load profile." UserInfo={NSLocalizedDescription=Failed to load profile., NSLocalizedRecoverySuggestion=Profile is missing the required UUID property.})
2026-02-23 01:12:13.708 xcodebuild[49170:11026654]  DVTProvisioningProfileManager: Failed to load profile "/Users/hariom/Library/Developer/Xcode/UserData/Provisioning Profiles/a841b1bf-140d-4cc7-bc56-aed8bf4296e6.mobileprovision" (Error Domain=DVTProvisioningProfileProviderErrorDomain Code=1 "Failed to load profile." UserInfo={NSLocalizedDescription=Failed to load profile., NSLocalizedRecoverySuggestion=Profile is missing the required UUID property.})
2026-02-23 01:12:13.710 xcodebuild[49170:11026614]  DVTProvisioningProfileManager: Failed to load profile "/Users/hariom/Library/Developer/Xcode/UserData/Provisioning Profiles/674b83b0-e92a-4bb5-827d-1cac5fd13121.mobileprovision" (Error Domain=DVTProvisioningProfileProviderErrorDomain Code=1 "Failed to load profile." UserInfo={NSLocalizedDescription=Failed to load profile., NSLocalizedRecoverySuggestion=Profile is missing the required UUID property.})
2026-02-23 01:12:13.716 xcodebuild[49170:11026654]  DVTProvisioningProfileManager: Failed to load profile "/Users/hariom/Library/Developer/Xcode/UserData/Provisioning Profiles/c2b240eb-cfb2-497f-94ec-2840a36c1851.mobileprovision" (Error Domain=DVTProvisioningProfileProviderErrorDomain Code=1 "Failed to load profile." UserInfo={NSLocalizedDescription=Failed to load profile., NSLocalizedRecoverySuggestion=Profile is missing the required UUID property.})
2026-02-23 01:12:13.717 xcodebuild[49170:11026660]  DVTProvisioningProfileManager: Failed to load profile "/Users/hariom/Library/Developer/Xcode/UserData/Provisioning Profiles/7794d0ca-9577-442a-8894-d10a5433edcd.mobileprovision" (Error Domain=DVTProvisioningProfileProviderErrorDomain Code=1 "Failed to load profile." UserInfo={NSLocalizedDescription=Failed to load profile., NSLocalizedRecoverySuggestion=Profile is missing the required UUID property.})
2026-02-23 01:12:13.717 xcodebuild[49170:11026663]  DVTProvisioningProfileManager: Failed to load profile "/Users/hariom/Library/Developer/Xcode/UserData/Provisioning Profiles/92dc0ecd-f38c-4da4-888d-6ba41a9b40a4.mobileprovision" (Error Domain=DVTProvisioningProfileProviderErrorDomain Code=1 "Failed to load profile." UserInfo={NSLocalizedDescription=Failed to load profile., NSLocalizedRecoverySuggestion=Profile is missing the required UUID property.})
2026-02-23 01:12:13.718 xcodebuild[49170:11026655]  DVTProvisioningProfileManager: Failed to load profile "/Users/hariom/Library/Developer/Xcode/UserData/Provisioning Profiles/927e3d45-6d60-46d5-bc70-4ee7671d4011.mobileprovision" (Error Domain=DVTProvisioningProfileProviderErrorDomain Code=1 "Failed to load profile." UserInfo={NSLocalizedDescription=Failed to load profile., NSLocalizedRecoverySuggestion=Profile is missing the required UUID property.})
2026-02-23 01:12:13.719 xcodebuild[49170:11026662]  DVTProvisioningProfileManager: Failed to load profile "/Users/hariom/Library/Developer/Xcode/UserData/Provisioning Profiles/b3ddec1f-e263-4374-9835-8d61d4397291.mobileprovision" (Error Domain=DVTProvisioningProfileProviderErrorDomain Code=1 "Failed to load profile." UserInfo={NSLocalizedDescription=Failed to load profile., NSLocalizedRecoverySuggestion=Profile is missing the required UUID property.})
2026-02-23 01:12:13.719 xcodebuild[49170:11026661]  DVTProvisioningProfileManager: Failed to load profile "/Users/hariom/Library/Developer/Xcode/UserData/Provisioning Profiles/2b4a5429-c2ff-4a66-84a9-18dbe55589e4.mobileprovision" (Error Domain=DVTProvisioningProfileProviderErrorDomain Code=1 "Failed to load profile." UserInfo={NSLocalizedDescription=Failed to load profile., NSLocalizedRecoverySuggestion=Profile is missing the required UUID property.})
2026-02-23 01:12:13.719 xcodebuild[49170:11026614]  DVTProvisioningProfileManager: Failed to load profile "/Users/hariom/Library/Developer/Xcode/UserData/Provisioning Profiles/b5d05876-faea-4fba-a497-969dd8b7c4a5.mobileprovision" (Error Domain=DVTProvisioningProfileProviderErrorDomain Code=1 "Failed to load profile." UserInfo={NSLocalizedDescription=Failed to load profile., NSLocalizedRecoverySuggestion=Profile is missing the required UUID property.})
2026-02-23 01:12:13.720 xcodebuild[49170:11026615]  DVTProvisioningProfileManager: Failed to load profile "/Users/hariom/Library/Developer/Xcode/UserData/Provisioning Profiles/49ef3619-989c-45b1-b168-69154ed55820.mobileprovision" (Error Domain=DVTProvisioningProfileProviderErrorDomain Code=1 "Failed to load profile." UserInfo={NSLocalizedDescription=Failed to load profile., NSLocalizedRecoverySuggestion=Profile is missing the required UUID property.})
2026-02-23 01:12:13.724 xcodebuild[49170:11026654]  DVTProvisioningProfileManager: Failed to load profile "/Users/hariom/Library/Developer/Xcode/UserData/Provisioning Profiles/a608907b-1569-4c8b-9a06-ffc68cb4e5a7.mobileprovision" (Error Domain=DVTProvisioningProfileProviderErrorDomain Code=1 "Failed to load profile." UserInfo={NSLocalizedDescription=Failed to load profile., NSLocalizedRecoverySuggestion=Profile is missing the required UUID property.})
2026-02-23 01:12:13.725 xcodebuild[49170:11026660]  DVTProvisioningProfileManager: Failed to load profile "/Users/hariom/Library/Developer/Xcode/UserData/Provisioning Profiles/6633ef54-c4d3-41ee-9cd1-daf755808b08.mobileprovision" (Error Domain=DVTProvisioningProfileProviderErrorDomain Code=1 "Failed to load profile." UserInfo={NSLocalizedDescription=Failed to load profile., NSLocalizedRecoverySuggestion=Profile is missing the required UUID property.})
2026-02-23 01:12:13.725 xcodebuild[49170:11026663]  DVTProvisioningProfileManager: Failed to load profile "/Users/hariom/Library/Developer/Xcode/UserData/Provisioning Profiles/2e33c2b5-791d-46c8-a7d6-aa17f0c01d99.mobileprovision" (Error Domain=DVTProvisioningProfileProviderErrorDomain Code=1 "Failed to load profile." UserInfo={NSLocalizedDescription=Failed to load profile., NSLocalizedRecoverySuggestion=Profile is missing the required UUID property.})
2026-02-23 01:12:13.725 xcodebuild[49170:11026655]  DVTProvisioningProfileManager: Failed to load profile "/Users/hariom/Library/Developer/Xcode/UserData/Provisioning Profiles/62a8bafa-ecc3-4c23-ae3d-3f7fc5d04880.mobileprovision" (Error Domain=DVTProvisioningProfileProviderErrorDomain Code=1 "Failed to load profile." UserInfo={NSLocalizedDescription=Failed to load profile., NSLocalizedRecoverySuggestion=Profile is missing the required UUID property.})
2026-02-23 01:12:13.727 xcodebuild[49170:11026662]  DVTProvisioningProfileManager: Failed to load profile "/Users/hariom/Library/Developer/Xcode/UserData/Provisioning Profiles/7fddeff8-1f2f-4338-8e54-300c7252290f.mobileprovision" (Error Domain=DVTProvisioningProfileProviderErrorDomain Code=1 "Failed to load profile." UserInfo={NSLocalizedDescription=Failed to load profile., NSLocalizedRecoverySuggestion=Profile is missing the required UUID property.})
2026-02-23 01:12:13.727 xcodebuild[49170:11026661]  DVTProvisioningProfileManager: Failed to load profile "/Users/hariom/Library/Developer/Xcode/UserData/Provisioning Profiles/dcb29794-bf8e-4ccf-84e5-b92f9f2bee3f.mobileprovision" (Error Domain=DVTProvisioningProfileProviderErrorDomain Code=1 "Failed to load profile." UserInfo={NSLocalizedDescription=Failed to load profile., NSLocalizedRecoverySuggestion=Profile is missing the required UUID property.})
2026-02-23 01:12:13.729 xcodebuild[49170:11026614]  DVTProvisioningProfileManager: Failed to load profile "/Users/hariom/Library/Developer/Xcode/UserData/Provisioning Profiles/7959a347-a3b6-467f-ba8a-94f4167980ce.mobileprovision" (Error Domain=DVTProvisioningProfileProviderErrorDomain Code=1 "Failed to load profile." UserInfo={NSLocalizedDescription=Failed to load profile., NSLocalizedRecoverySuggestion=Profile is missing the required UUID property.})
2026-02-23 01:12:13.729 xcodebuild[49170:11026615]  DVTProvisioningProfileManager: Failed to load profile "/Users/hariom/Library/Developer/Xcode/UserData/Provisioning Profiles/d60ef075-e073-41a8-879a-7a76d30a28cd.mobileprovision" (Error Domain=DVTProvisioningProfileProviderErrorDomain Code=1 "Failed to load profile." UserInfo={NSLocalizedDescription=Failed to load profile., NSLocalizedRecoverySuggestion=Profile is missing the required UUID property.})
2026-02-23 01:12:13.731 xcodebuild[49170:11026654]  DVTProvisioningProfileManager: Failed to load profile "/Users/hariom/Library/Developer/Xcode/UserData/Provisioning Profiles/e9d9bc62-2511-48c3-8363-afb9666c97f1.mobileprovision" (Error Domain=DVTProvisioningProfileProviderErrorDomain Code=1 "Failed to load profile." UserInfo={NSLocalizedDescription=Failed to load profile., NSLocalizedRecoverySuggestion=Profile is missing the required UUID property.})
2026-02-23 01:12:13.732 xcodebuild[49170:11026660]  DVTProvisioningProfileManager: Failed to load profile "/Users/hariom/Library/Developer/Xcode/UserData/Provisioning Profiles/0d283a6e-6e41-4591-b655-bda1625c0c51.mobileprovision" (Error Domain=DVTProvisioningProfileProviderErrorDomain Code=1 "Failed to load profile." UserInfo={NSLocalizedDescription=Failed to load profile., NSLocalizedRecoverySuggestion=Profile is missing the required UUID property.})
2026-02-23 01:12:13.733 xcodebuild[49170:11026663]  DVTProvisioningProfileManager: Failed to load profile "/Users/hariom/Library/Developer/Xcode/UserData/Provisioning Profiles/21af7ce6-3acd-4d4e-84c2-f4ffe13287df.mobileprovision" (Error Domain=DVTProvisioningProfileProviderErrorDomain Code=1 "Failed to load profile." UserInfo={NSLocalizedDescription=Failed to load profile., NSLocalizedRecoverySuggestion=Profile is missing the required UUID property.})
2026-02-23 01:12:13.733 xcodebuild[49170:11026662]  DVTProvisioningProfileManager: Failed to load profile "/Users/hariom/Library/Developer/Xcode/UserData/Provisioning Profiles/7d49b68d-cc77-4737-8519-2fa62228f211.mobileprovision" (Error Domain=DVTProvisioningProfileProviderErrorDomain Code=1 "Failed to load profile." UserInfo={NSLocalizedDescription=Failed to load profile., NSLocalizedRecoverySuggestion=Profile is missing the required UUID property.})
2026-02-23 01:12:13.733 xcodebuild[49170:11026661]  DVTProvisioningProfileManager: Failed to load profile "/Users/hariom/Library/Developer/Xcode/UserData/Provisioning Profiles/340c407d-d024-4af2-8535-c233e87ae1ad.mobileprovision" (Error Domain=DVTProvisioningProfileProviderErrorDomain Code=1 "Failed to load profile." UserInfo={NSLocalizedDescription=Failed to load profile., NSLocalizedRecoverySuggestion=Profile is missing the required UUID property.})
2026-02-23 01:12:13.733 xcodebuild[49170:11026655]  DVTProvisioningProfileManager: Failed to load profile "/Users/hariom/Library/Developer/Xcode/UserData/Provisioning Profiles/afa37a91-9897-4d65-b504-3ee9c271a8d7.mobileprovision" (Error Domain=DVTProvisioningProfileProviderErrorDomain Code=1 "Failed to load profile." UserInfo={NSLocalizedDescription=Failed to load profile., NSLocalizedRecoverySuggestion=Profile is missing the required UUID property.})
2026-02-23 01:12:13.734 xcodebuild[49170:11026614]  DVTProvisioningProfileManager: Failed to load profile "/Users/hariom/Library/Developer/Xcode/UserData/Provisioning Profiles/f3359d65-52e2-43f5-9ed1-ec10216586f7.mobileprovision" (Error Domain=DVTProvisioningProfileProviderErrorDomain Code=1 "Failed to load profile." UserInfo={NSLocalizedDescription=Failed to load profile., NSLocalizedRecoverySuggestion=Profile is missing the required UUID property.})
2026-02-23 01:12:13.734 xcodebuild[49170:11026615]  DVTProvisioningProfileManager: Failed to load profile "/Users/hariom/Library/Developer/Xcode/UserData/Provisioning Profiles/c7cca0bf-55b1-4c0b-9048-536de35b0bc5.mobileprovision" (Error Domain=DVTProvisioningProfileProviderErrorDomain Code=1 "Failed to load profile." UserInfo={NSLocalizedDescription=Failed to load profile., NSLocalizedRecoverySuggestion=Profile is missing the required UUID property.})
2026-02-23 01:12:13.735 xcodebuild[49170:11026660]  DVTProvisioningProfileManager: Failed to load profile "/Users/hariom/Library/Developer/Xcode/UserData/Provisioning Profiles/9b9cc5e0-5a17-460e-a35c-3a07fe2ee603.mobileprovision" (Error Domain=DVTProvisioningProfileProviderErrorDomain Code=1 "Failed to load profile." UserInfo={NSLocalizedDescription=Failed to load profile., NSLocalizedRecoverySuggestion=Profile is missing the required UUID property.})
2026-02-23 01:12:13.735 xcodebuild[49170:11026654]  DVTProvisioningProfileManager: Failed to load profile "/Users/hariom/Library/Developer/Xcode/UserData/Provisioning Profiles/b0726179-acc3-48e4-8f96-185cedf9375c.mobileprovision" (Error Domain=DVTProvisioningProfileProviderErrorDomain Code=1 "Failed to load profile." UserInfo={NSLocalizedDescription=Failed to load profile., NSLocalizedRecoverySuggestion=Profile is missing the required UUID property.})
2026-02-23 01:12:13.736 xcodebuild[49170:11026663]  DVTProvisioningProfileManager: Failed to load profile "/Users/hariom/Library/Developer/Xcode/UserData/Provisioning Profiles/c4a99b12-99ff-47a9-8de6-edd1a1d6f6b1.mobileprovision" (Error Domain=DVTProvisioningProfileProviderErrorDomain Code=1 "Failed to load profile." UserInfo={NSLocalizedDescription=Failed to load profile., NSLocalizedRecoverySuggestion=Profile is missing the required UUID property.})
ComputePackagePrebuildTargetDependencyGraph

Prepare packages

CreateBuildRequest

SendProjectDescription

CreateBuildOperation

ComputeTargetDependencyGraph
note: Building targets in dependency order
note: Target dependency graph (3 targets)
    Target 'WellPlate' in project 'WellPlate'
        ➜ Explicit dependency on target 'ScreenTimeMonitor' in project 'WellPlate'
        ➜ Explicit dependency on target 'ScreenTimeReport' in project 'WellPlate'
    Target 'ScreenTimeReport' in project 'WellPlate' (no dependencies)
    Target 'ScreenTimeMonitor' in project 'WellPlate' (no dependencies)

GatherProvisioningInputs

CreateBuildDescription

ExecuteExternalTool /Applications/Xcode.app/Contents/Developer/Toolchains/XcodeDefault.xctoolchain/usr/bin/clang -v -E -dM -isysroot /Applications/Xcode.app/Contents/Developer/Platforms/iPhoneOS.platform/Developer/SDKs/iPhoneOS26.1.sdk -x c -c /dev/null

ExecuteExternalTool /Applications/Xcode.app/Contents/Developer/Toolchains/XcodeDefault.xctoolchain/usr/bin/swiftc --version

ExecuteExternalTool /Applications/Xcode.app/Contents/Developer/usr/bin/actool --print-asset-tag-combinations --output-format xml1 /Users/hariom/Desktop/WellPlate/WellPlate/Resources/Assets.xcassets

ExecuteExternalTool /Applications/Xcode.app/Contents/Developer/Toolchains/XcodeDefault.xctoolchain/usr/bin/ld -version_details

ExecuteExternalTool /Applications/Xcode.app/Contents/Developer/usr/bin/actool --version --output-format xml1

Build description signature: 4cea7abc51102502691ef97738cefa62
Build description path: /Users/hariom/Desktop/WellPlate/.derivedData-release/Build/Intermediates.noindex/XCBuildData/4cea7abc51102502691ef97738cefa62.xcbuilddata
ClangStatCache /Applications/Xcode.app/Contents/Developer/Toolchains/XcodeDefault.xctoolchain/usr/bin/clang-stat-cache /Applications/Xcode.app/Contents/Developer/Platforms/iPhoneOS.platform/Developer/SDKs/iPhoneOS26.1.sdk /Users/hariom/Desktop/WellPlate/.derivedData-release/SDKStatCaches.noindex/iphoneos26.1-23B77-69b33fc7382b27d9b5d46e82a00f8e78.sdkstatcache
    cd /Users/hariom/Desktop/WellPlate/WellPlate.xcodeproj
    /Applications/Xcode.app/Contents/Developer/Toolchains/XcodeDefault.xctoolchain/usr/bin/clang-stat-cache /Applications/Xcode.app/Contents/Developer/Platforms/iPhoneOS.platform/Developer/SDKs/iPhoneOS26.1.sdk -o /Users/hariom/Desktop/WellPlate/.derivedData-release/SDKStatCaches.noindex/iphoneos26.1-23B77-69b33fc7382b27d9b5d46e82a00f8e78.sdkstatcache
Failed to create FS event stream. Considering the cache up-to-date.

ProcessInfoPlistFile /Users/hariom/Desktop/WellPlate/.derivedData-release/Build/Products/Release-iphoneos/ScreenTimeMonitor.appex/Info.plist /Users/hariom/Desktop/WellPlate/ScreenTimeMonitor/Info.plist (in target 'ScreenTimeMonitor' from project 'WellPlate')
    cd /Users/hariom/Desktop/WellPlate
    builtin-infoPlistUtility /Users/hariom/Desktop/WellPlate/ScreenTimeMonitor/Info.plist -producttype com.apple.product-type.app-extension -expandbuildsettings -format binary -platform iphoneos -requiredArchitecture arm64 -o /Users/hariom/Desktop/WellPlate/.derivedData-release/Build/Products/Release-iphoneos/ScreenTimeMonitor.appex/Info.plist

ProcessInfoPlistFile /Users/hariom/Desktop/WellPlate/.derivedData-release/Build/Products/Release-iphoneos/ScreenTimeReport.appex/Info.plist /Users/hariom/Desktop/WellPlate/ScreenTimeReport/Info.plist (in target 'ScreenTimeReport' from project 'WellPlate')
    cd /Users/hariom/Desktop/WellPlate
    builtin-infoPlistUtility /Users/hariom/Desktop/WellPlate/ScreenTimeReport/Info.plist -producttype com.apple.product-type.app-extension -expandbuildsettings -format binary -platform iphoneos -requiredArchitecture arm64 -o /Users/hariom/Desktop/WellPlate/.derivedData-release/Build/Products/Release-iphoneos/ScreenTimeReport.appex/Info.plist

GenerateAssetSymbols /Users/hariom/Desktop/WellPlate/WellPlate/Resources/Assets.xcassets (in target 'WellPlate' from project 'WellPlate')
    cd /Users/hariom/Desktop/WellPlate
    /Applications/Xcode.app/Contents/Developer/usr/bin/actool /Users/hariom/Desktop/WellPlate/WellPlate/Resources/Assets.xcassets --compile /Users/hariom/Desktop/WellPlate/.derivedData-release/Build/Products/Release-iphoneos/WellPlate.app --output-format human-readable-text --notices --warnings --export-dependency-info /Users/hariom/Desktop/WellPlate/.derivedData-release/Build/Intermediates.noindex/WellPlate.build/Release-iphoneos/WellPlate.build/assetcatalog_dependencies --output-partial-info-plist /Users/hariom/Desktop/WellPlate/.derivedData-release/Build/Intermediates.noindex/WellPlate.build/Release-iphoneos/WellPlate.build/assetcatalog_generated_info.plist --app-icon AppIcon --accent-color AccentColor --compress-pngs --enable-on-demand-resources YES --development-region en --target-device iphone --target-device ipad --minimum-deployment-target 26.1 --platform iphoneos --bundle-identifier com.hariom.health.WellPlate.screen --generate-swift-asset-symbols /Users/hariom/Desktop/WellPlate/.derivedData-release/Build/Intermediates.noindex/WellPlate.build/Release-iphoneos/WellPlate.build/DerivedSources/GeneratedAssetSymbols.swift --generate-objc-asset-symbols /Users/hariom/Desktop/WellPlate/.derivedData-release/Build/Intermediates.noindex/WellPlate.build/Release-iphoneos/WellPlate.build/DerivedSources/GeneratedAssetSymbols.h --generate-asset-symbol-index /Users/hariom/Desktop/WellPlate/.derivedData-release/Build/Intermediates.noindex/WellPlate.build/Release-iphoneos/WellPlate.build/DerivedSources/GeneratedAssetSymbols-Index.plist
2026-02-23 01:12:16.814 ibtoold[49201:11026875] CoreSimulatorService connection became invalid.  Simulator services will no longer be available.
2026-02-23 01:12:16.816 ibtoold[49201:11026882] Logging connecton invalid: <OS_xpc_error: <dictionary: 0x1ef389460> { count = 1, transaction: 0, voucher = 0x0, contents =
	"XPCErrorDescription" => <string: 0x1ef3895a8> { string cache = 0x0, length = 18, contents = "Connection invalid" }
}>
2026-02-23 01:12:16.816 ibtoold[49201:11026882] Error opening log file (/Users/hariom/Library/Logs/CoreSimulator/CoreSimulator.com.apple.ibtool.log): Operation not permitted
[-[SimServiceContext sendRequest:]:1743] ERROR : Unable to deliver request ({
    "developer_dir" = "/Applications/Xcode.app/Contents/Developer";
    request = "set_developer_dir";
}) because we are not connected to CoreSimulatorService.
[-[SimServiceContext initWithDeveloperDir:connectionType:error:]:450] WARN  : Unable to discover any Simulator runtimes. Developer Directory is /Applications/Xcode.app/Contents/Developer.
[-[SimDiskImageManager init]:175] ERROR : Could not kickstart simdiskimaged; SimDiskImageManager services will not be available: Error Domain=NSPOSIXErrorDomain Code=53 "Software caused connection abort" UserInfo={NSLocalizedDescription=Error returned in reply from CoreSimulatorService: Connection invalid}
[-[SimDiskImageManager _onQueue_checkConnection:]:219] ERROR : simdiskimaged connection is currently unavailable because connection became invalid
[-[SimDiskImageManager _onQueue_checkConnection:]:219] ERROR : simdiskimaged connection is currently unavailable because connection became invalid
[-[SimServiceContext initWithDeveloperDir:connectionType:error:]_block_invoke:486] ERROR : Could not get list of trusted mount directories: Error Domain=com.apple.CoreSimulator.SimError Code=409 "Cannot talk to the service used to manage runtime disk images (simdiskimaged) because its launchd job is not registered or was unloaded" UserInfo={NSLocalizedDescription=Cannot talk to the service used to manage runtime disk images (simdiskimaged) because its launchd job is not registered or was unloaded}
[-[SimServiceContext sendRequest:reply:error:]:1763] ERROR : Unable to deliver request ({
    request = "notification_subscription";
    "set_path" = "/Users/hariom/Library/Developer/CoreSimulator/Devices";
}) because we are not connected to CoreSimulatorService.
2026-02-23 01:12:16.874 ibtoold[49201:11026877] Error Domain=NSPOSIXErrorDomain Code=61 "Connection refused" UserInfo={NSLocalizedDescription=CoreSimulatorService connection became invalid.  Simulator services will no longer be available.}
/* com.apple.actool.compilation-results */
/Users/hariom/Desktop/WellPlate/.derivedData-release/Build/Intermediates.noindex/WellPlate.build/Release-iphoneos/WellPlate.build/DerivedSources/GeneratedAssetSymbols-Index.plist
/Users/hariom/Desktop/WellPlate/.derivedData-release/Build/Intermediates.noindex/WellPlate.build/Release-iphoneos/WellPlate.build/DerivedSources/GeneratedAssetSymbols.h
/Users/hariom/Desktop/WellPlate/.derivedData-release/Build/Intermediates.noindex/WellPlate.build/Release-iphoneos/WellPlate.build/DerivedSources/GeneratedAssetSymbols.swift


CompileAssetCatalogVariant thinned /Users/hariom/Desktop/WellPlate/.derivedData-release/Build/Products/Release-iphoneos/WellPlate.app /Users/hariom/Desktop/WellPlate/WellPlate/Resources/Assets.xcassets (in target 'WellPlate' from project 'WellPlate')
    cd /Users/hariom/Desktop/WellPlate
    /Applications/Xcode.app/Contents/Developer/usr/bin/actool /Users/hariom/Desktop/WellPlate/WellPlate/Resources/Assets.xcassets --compile /Users/hariom/Desktop/WellPlate/.derivedData-release/Build/Intermediates.noindex/WellPlate.build/Release-iphoneos/WellPlate.build/assetcatalog_output/thinned --output-format human-readable-text --notices --warnings --export-dependency-info /Users/hariom/Desktop/WellPlate/.derivedData-release/Build/Intermediates.noindex/WellPlate.build/Release-iphoneos/WellPlate.build/assetcatalog_dependencies_thinned --output-partial-info-plist /Users/hariom/Desktop/WellPlate/.derivedData-release/Build/Intermediates.noindex/WellPlate.build/Release-iphoneos/WellPlate.build/assetcatalog_generated_info.plist_thinned --app-icon AppIcon --accent-color AccentColor --compress-pngs --enable-on-demand-resources YES --development-region en --target-device iphone --target-device ipad --minimum-deployment-target 26.1 --platform iphoneos
2026-02-23 01:12:16.816 ibtoold[49202:11026874] CoreSimulatorService connection became invalid.  Simulator services will no longer be available.
2026-02-23 01:12:16.816 ibtoold[49202:11026884] Logging connecton invalid: <OS_xpc_error: <dictionary: 0x1ef389460> { count = 1, transaction: 0, voucher = 0x0, contents =
	"XPCErrorDescription" => <string: 0x1ef3895a8> { string cache = 0x0, length = 18, contents = "Connection invalid" }
}>
2026-02-23 01:12:16.817 ibtoold[49202:11026884] Error opening log file (/Users/hariom/Library/Logs/CoreSimulator/CoreSimulator.com.apple.ibtool.log): Operation not permitted
[-[SimServiceContext sendRequest:]:1743] ERROR : Unable to deliver request ({
    "developer_dir" = "/Applications/Xcode.app/Contents/Developer";
    request = "set_developer_dir";
}) because we are not connected to CoreSimulatorService.
[-[SimServiceContext initWithDeveloperDir:connectionType:error:]:450] WARN  : Unable to discover any Simulator runtimes. Developer Directory is /Applications/Xcode.app/Contents/Developer.
[-[SimDiskImageManager init]:175] ERROR : Could not kickstart simdiskimaged; SimDiskImageManager services will not be available: Error Domain=NSPOSIXErrorDomain Code=53 "Software caused connection abort" UserInfo={NSLocalizedDescription=Error returned in reply from CoreSimulatorService: Connection invalid}
[-[SimDiskImageManager _onQueue_checkConnection:]:219] ERROR : simdiskimaged connection is currently unavailable because connection became invalid
[-[SimDiskImageManager _onQueue_checkConnection:]:219] ERROR : simdiskimaged connection is currently unavailable because connection became invalid
[-[SimServiceContext initWithDeveloperDir:connectionType:error:]_block_invoke:486] ERROR : Could not get list of trusted mount directories: Error Domain=com.apple.CoreSimulator.SimError Code=409 "Cannot talk to the service used to manage runtime disk images (simdiskimaged) because its launchd job is not registered or was unloaded" UserInfo={NSLocalizedDescription=Cannot talk to the service used to manage runtime disk images (simdiskimaged) because its launchd job is not registered or was unloaded}
[-[SimServiceContext sendRequest:reply:error:]:1763] ERROR : Unable to deliver request ({
    request = "notification_subscription";
    "set_path" = "/Users/hariom/Library/Developer/CoreSimulator/Devices";
}) because we are not connected to CoreSimulatorService.
2026-02-23 01:12:16.874 ibtoold[49202:11026876] Error Domain=NSPOSIXErrorDomain Code=61 "Connection refused" UserInfo={NSLocalizedDescription=CoreSimulatorService connection became invalid.  Simulator services will no longer be available.}
[-[SimServiceContext sendRequest:]:1743] ERROR : Unable to deliver request ({
    "developer_dir" = "/Applications/Xcode.app/Contents/Developer";
    request = "set_developer_dir";
}) because we are not connected to CoreSimulatorService.
2026-02-23 01:12:17.058 ibtoold[49202:11026874] CoreSimulatorService connection became invalid.  Simulator services will no longer be available.
[-[SimServiceContext initWithDeveloperDir:connectionType:error:]:450] WARN  : Unable to discover any Simulator runtimes. Developer Directory is /Applications/Xcode.app/Contents/Developer.
[-[SimDiskImageManager _onQueue_checkConnection:]:219] ERROR : simdiskimaged connection is currently unavailable because connection became invalid
[-[SimServiceContext initWithDeveloperDir:connectionType:error:]_block_invoke:486] ERROR : Could not get list of trusted mount directories: Error Domain=com.apple.CoreSimulator.SimError Code=409 "Cannot talk to the service used to manage runtime disk images (simdiskimaged) because its launchd job is not registered or was unloaded" UserInfo={NSLocalizedDescription=Cannot talk to the service used to manage runtime disk images (simdiskimaged) because its launchd job is not registered or was unloaded}
[-[SimServiceContext sendRequest:]:1743] ERROR : Unable to deliver request ({
    path = "/Applications/Xcode.app/Contents/Developer/Platforms/AppleTVSimulator.platform/Developer/Library/Xcode/PrivatePlugIns/IDEInterfaceBuilderAppleTVIntegration.framework/Resources";
    request = "add_profiles";
}) because we are not connected to CoreSimulatorService.
[-[SimServiceContext sendRequest:]:1743] ERROR : Unable to deliver request ({
    path = "/Applications/Xcode.app/Contents/PlugIns/IDEInterfaceBuilderiOSIntegration.ideplugin/Contents/Resources";
    request = "add_profiles";
}) because we are not connected to CoreSimulatorService.
/* com.apple.actool.errors */
/Users/hariom/Desktop/WellPlate/WellPlate/Resources/Assets.xcassets: error: No available simulator runtimes for platform iphonesimulator. SimServiceContext supportedRuntimes=[]
/* com.apple.actool.compilation-results */
/Users/hariom/Desktop/WellPlate/.derivedData-release/Build/Intermediates.noindex/WellPlate.build/Release-iphoneos/WellPlate.build/assetcatalog_generated_info.plist_thinned


SwiftDriver WellPlate normal arm64 com.apple.xcode.tools.swift.compiler (in target 'WellPlate' from project 'WellPlate')
    cd /Users/hariom/Desktop/WellPlate
    builtin-SwiftDriver -- /Applications/Xcode.app/Contents/Developer/Toolchains/XcodeDefault.xctoolchain/usr/bin/swiftc -module-name WellPlate -O -whole-module-optimization -enforce-exclusivity\=checked @/Users/hariom/Desktop/WellPlate/.derivedData-release/Build/Intermediates.noindex/WellPlate.build/Release-iphoneos/WellPlate.build/Objects-normal/arm64/WellPlate.SwiftFileList -default-isolation\=MainActor -enable-bare-slash-regex -enable-upcoming-feature DisableOutwardActorInference -enable-upcoming-feature InferSendableFromCaptures -enable-upcoming-feature GlobalActorIsolatedTypesUsability -enable-upcoming-feature MemberImportVisibility -enable-upcoming-feature InferIsolatedConformances -enable-upcoming-feature NonisolatedNonsendingByDefault -enable-experimental-feature DebugDescriptionMacro -sdk /Applications/Xcode.app/Contents/Developer/Platforms/iPhoneOS.platform/Developer/SDKs/iPhoneOS26.1.sdk -target arm64-apple-ios26.1 -g -module-cache-path /Users/hariom/Desktop/WellPlate/.derivedData-release/ModuleCache.noindex -Xfrontend -serialize-debugging-options -swift-version 5 -I /Users/hariom/Desktop/WellPlate/.derivedData-release/Build/Products/Release-iphoneos -F /Users/hariom/Desktop/WellPlate/.derivedData-release/Build/Products/Release-iphoneos -emit-localized-strings -emit-localized-strings-path /Users/hariom/Desktop/WellPlate/.derivedData-release/Build/Intermediates.noindex/WellPlate.build/Release-iphoneos/WellPlate.build/Objects-normal/arm64 -c -num-threads 8 -Xcc -ivfsstatcache -Xcc /Users/hariom/Desktop/WellPlate/.derivedData-release/SDKStatCaches.noindex/iphoneos26.1-23B77-69b33fc7382b27d9b5d46e82a00f8e78.sdkstatcache -output-file-map /Users/hariom/Desktop/WellPlate/.derivedData-release/Build/Intermediates.noindex/WellPlate.build/Release-iphoneos/WellPlate.build/Objects-normal/arm64/WellPlate-OutputFileMap.json -use-frontend-parseable-output -save-temps -no-color-diagnostics -explicit-module-build -module-cache-path /Users/hariom/Desktop/WellPlate/.derivedData-release/Build/Intermediates.noindex/SwiftExplicitPrecompiledModules -clang-scanner-module-cache-path /Users/hariom/Desktop/WellPlate/.derivedData-release/ModuleCache.noindex -sdk-module-cache-path /Users/hariom/Desktop/WellPlate/.derivedData-release/ModuleCache.noindex -serialize-diagnostics -emit-dependencies -emit-module -emit-module-path /Users/hariom/Desktop/WellPlate/.derivedData-release/Build/Intermediates.noindex/WellPlate.build/Release-iphoneos/WellPlate.build/Objects-normal/arm64/WellPlate.swiftmodule -validate-clang-modules-once -clang-build-session-file /Users/hariom/Desktop/WellPlate/.derivedData-release/ModuleCache.noindex/Session.modulevalidation -Xcc -I/Users/hariom/Desktop/WellPlate/.derivedData-release/Build/Intermediates.noindex/WellPlate.build/Release-iphoneos/WellPlate.build/swift-overrides.hmap -emit-const-values -Xfrontend -const-gather-protocols-file -Xfrontend /Users/hariom/Desktop/WellPlate/.derivedData-release/Build/Intermediates.noindex/WellPlate.build/Release-iphoneos/WellPlate.build/Objects-normal/arm64/WellPlate_const_extract_protocols.json -Xcc -iquote -Xcc /Users/hariom/Desktop/WellPlate/.derivedData-release/Build/Intermediates.noindex/WellPlate.build/Release-iphoneos/WellPlate.build/WellPlate-generated-files.hmap -Xcc -I/Users/hariom/Desktop/WellPlate/.derivedData-release/Build/Intermediates.noindex/WellPlate.build/Release-iphoneos/WellPlate.build/WellPlate-own-target-headers.hmap -Xcc -I/Users/hariom/Desktop/WellPlate/.derivedData-release/Build/Intermediates.noindex/WellPlate.build/Release-iphoneos/WellPlate.build/WellPlate-all-target-headers.hmap -Xcc -iquote -Xcc /Users/hariom/Desktop/WellPlate/.derivedData-release/Build/Intermediates.noindex/WellPlate.build/Release-iphoneos/WellPlate.build/WellPlate-project-headers.hmap -Xcc -I/Users/hariom/Desktop/WellPlate/.derivedData-release/Build/Products/Release-iphoneos/include -Xcc -I/Users/hariom/Desktop/WellPlate/.derivedData-release/Build/Intermediates.noindex/WellPlate.build/Release-iphoneos/WellPlate.build/DerivedSources-normal/arm64 -Xcc -I/Users/hariom/Desktop/WellPlate/.derivedData-release/Build/Intermediates.noindex/WellPlate.build/Release-iphoneos/WellPlate.build/DerivedSources/arm64 -Xcc -I/Users/hariom/Desktop/WellPlate/.derivedData-release/Build/Intermediates.noindex/WellPlate.build/Release-iphoneos/WellPlate.build/DerivedSources -emit-objc-header -emit-objc-header-path /Users/hariom/Desktop/WellPlate/.derivedData-release/Build/Intermediates.noindex/WellPlate.build/Release-iphoneos/WellPlate.build/Objects-normal/arm64/WellPlate-Swift.h -working-directory /Users/hariom/Desktop/WellPlate -no-emit-module-separately-wmo

** BUILD FAILED **


The following build commands failed:
	CompileAssetCatalogVariant thinned /Users/hariom/Desktop/WellPlate/.derivedData-release/Build/Products/Release-iphoneos/WellPlate.app /Users/hariom/Desktop/WellPlate/WellPlate/Resources/Assets.xcassets (in target 'WellPlate' from project 'WellPlate')
	Building project WellPlate with scheme WellPlate and configuration Release
(2 failures)
