Command line invocation:
    /Applications/Xcode.app/Contents/Developer/usr/bin/xcodebuild -project WellPlate.xcodeproj -scheme WellPlate -configuration Debug -derivedDataPath .build/DerivedData -resultBundlePath .build/result-3.xcresult CODE_SIGNING_ALLOWED=NO build

Build settings from command line:
    CODE_SIGNING_ALLOWED = NO

Writing result bundle at path:
	/Users/hariom/Desktop/WellPlate/.build/result-3.xcresult

ComputePackagePrebuildTargetDependencyGraph

Prepare packages

CreateBuildRequest

SendProjectDescription

CreateBuildOperation

ComputeTargetDependencyGraph
note: Building targets in dependency order
note: Target dependency graph (4 targets)
    Target 'WellPlate' in project 'WellPlate'
        ➜ Explicit dependency on target 'ScreenTimeMonitor' in project 'WellPlate'
        ➜ Explicit dependency on target 'ScreenTimeReport' in project 'WellPlate'
        ➜ Explicit dependency on target 'WellPlateWidget' in project 'WellPlate'
    Target 'WellPlateWidget' in project 'WellPlate' (no dependencies)
    Target 'ScreenTimeReport' in project 'WellPlate' (no dependencies)
    Target 'ScreenTimeMonitor' in project 'WellPlate' (no dependencies)

GatherProvisioningInputs

CreateBuildDescription

ExecuteExternalTool /Applications/Xcode.app/Contents/Developer/Toolchains/XcodeDefault.xctoolchain/usr/bin/swiftc --version

ExecuteExternalTool /Applications/Xcode.app/Contents/Developer/Toolchains/XcodeDefault.xctoolchain/usr/bin/clang -v -E -dM -isysroot /Applications/Xcode.app/Contents/Developer/Platforms/iPhoneOS.platform/Developer/SDKs/iPhoneOS26.1.sdk -x c -c /dev/null

ExecuteExternalTool /Applications/Xcode.app/Contents/Developer/usr/bin/actool --print-asset-tag-combinations --output-format xml1 /Users/hariom/Desktop/WellPlate/WellPlate/Resources/Assets.xcassets

ExecuteExternalTool /Applications/Xcode.app/Contents/Developer/usr/bin/actool --version --output-format xml1

ExecuteExternalTool /Applications/Xcode.app/Contents/Developer/Toolchains/XcodeDefault.xctoolchain/usr/bin/ld -version_details

Build description signature: a1000fa279def56ae0b87f2c08fdc5c0
Build description path: /Users/hariom/Desktop/WellPlate/.build/DerivedData/Build/Intermediates.noindex/XCBuildData/a1000fa279def56ae0b87f2c08fdc5c0.xcbuilddata
ClangStatCache /Applications/Xcode.app/Contents/Developer/Toolchains/XcodeDefault.xctoolchain/usr/bin/clang-stat-cache /Applications/Xcode.app/Contents/Developer/Platforms/iPhoneOS.platform/Developer/SDKs/iPhoneOS26.1.sdk /Users/hariom/Desktop/WellPlate/.build/DerivedData/SDKStatCaches.noindex/iphoneos26.1-23B77-3885c01c3e6b6a337905948deab2002e69b33fc7382b27d9b5d46e82a00f8e78.sdkstatcache
    cd /Users/hariom/Desktop/WellPlate/WellPlate.xcodeproj
    /Applications/Xcode.app/Contents/Developer/Toolchains/XcodeDefault.xctoolchain/usr/bin/clang-stat-cache /Applications/Xcode.app/Contents/Developer/Platforms/iPhoneOS.platform/Developer/SDKs/iPhoneOS26.1.sdk -o /Users/hariom/Desktop/WellPlate/.build/DerivedData/SDKStatCaches.noindex/iphoneos26.1-23B77-3885c01c3e6b6a337905948deab2002e69b33fc7382b27d9b5d46e82a00f8e78.sdkstatcache

ProcessInfoPlistFile /Users/hariom/Desktop/WellPlate/.build/DerivedData/Build/Products/Debug-iphoneos/WellPlateWidget.appex/Info.plist /Users/hariom/Desktop/WellPlate/WellPlateWidget/Info.plist (in target 'WellPlateWidget' from project 'WellPlate')
    cd /Users/hariom/Desktop/WellPlate
    builtin-infoPlistUtility /Users/hariom/Desktop/WellPlate/WellPlateWidget/Info.plist -producttype com.apple.product-type.app-extension -expandbuildsettings -format binary -platform iphoneos -requiredArchitecture arm64 -o /Users/hariom/Desktop/WellPlate/.build/DerivedData/Build/Products/Debug-iphoneos/WellPlateWidget.appex/Info.plist

ProcessInfoPlistFile /Users/hariom/Desktop/WellPlate/.build/DerivedData/Build/Products/Debug-iphoneos/ScreenTimeMonitor.appex/Info.plist /Users/hariom/Desktop/WellPlate/ScreenTimeMonitor/Info.plist (in target 'ScreenTimeMonitor' from project 'WellPlate')
    cd /Users/hariom/Desktop/WellPlate
    builtin-infoPlistUtility /Users/hariom/Desktop/WellPlate/ScreenTimeMonitor/Info.plist -producttype com.apple.product-type.app-extension -expandbuildsettings -format binary -platform iphoneos -requiredArchitecture arm64 -o /Users/hariom/Desktop/WellPlate/.build/DerivedData/Build/Products/Debug-iphoneos/ScreenTimeMonitor.appex/Info.plist

ProcessInfoPlistFile /Users/hariom/Desktop/WellPlate/.build/DerivedData/Build/Products/Debug-iphoneos/ScreenTimeReport.appex/Info.plist /Users/hariom/Desktop/WellPlate/ScreenTimeReport/Info.plist (in target 'ScreenTimeReport' from project 'WellPlate')
    cd /Users/hariom/Desktop/WellPlate
    builtin-infoPlistUtility /Users/hariom/Desktop/WellPlate/ScreenTimeReport/Info.plist -producttype com.apple.product-type.app-extension -expandbuildsettings -format binary -platform iphoneos -requiredArchitecture arm64 -o /Users/hariom/Desktop/WellPlate/.build/DerivedData/Build/Products/Debug-iphoneos/ScreenTimeReport.appex/Info.plist

SwiftDriver WellPlate normal arm64 com.apple.xcode.tools.swift.compiler (in target 'WellPlate' from project 'WellPlate')
    cd /Users/hariom/Desktop/WellPlate
    builtin-SwiftDriver -- /Applications/Xcode.app/Contents/Developer/Toolchains/XcodeDefault.xctoolchain/usr/bin/swiftc -module-name WellPlate -Onone -enforce-exclusivity\=checked @/Users/hariom/Desktop/WellPlate/.build/DerivedData/Build/Intermediates.noindex/WellPlate.build/Debug-iphoneos/WellPlate.build/Objects-normal/arm64/WellPlate.SwiftFileList -DDEBUG -default-isolation\=MainActor -enable-bare-slash-regex -enable-upcoming-feature DisableOutwardActorInference -enable-upcoming-feature InferSendableFromCaptures -enable-upcoming-feature GlobalActorIsolatedTypesUsability -enable-upcoming-feature MemberImportVisibility -enable-upcoming-feature InferIsolatedConformances -enable-upcoming-feature NonisolatedNonsendingByDefault -enable-experimental-feature DebugDescriptionMacro -sdk /Applications/Xcode.app/Contents/Developer/Platforms/iPhoneOS.platform/Developer/SDKs/iPhoneOS26.1.sdk -target arm64-apple-ios26.1 -g -module-cache-path /Users/hariom/Desktop/WellPlate/.build/DerivedData/ModuleCache.noindex -Xfrontend -serialize-debugging-options -enable-testing -index-store-path /Users/hariom/Desktop/WellPlate/.build/DerivedData/Index.noindex/DataStore -Xcc -D_LIBCPP_HARDENING_MODE\=_LIBCPP_HARDENING_MODE_DEBUG -swift-version 5 -I /Users/hariom/Desktop/WellPlate/.build/DerivedData/Build/Products/Debug-iphoneos -F /Users/hariom/Desktop/WellPlate/.build/DerivedData/Build/Products/Debug-iphoneos -emit-localized-strings -emit-localized-strings-path /Users/hariom/Desktop/WellPlate/.build/DerivedData/Build/Intermediates.noindex/WellPlate.build/Debug-iphoneos/WellPlate.build/Objects-normal/arm64 -c -j8 -enable-batch-mode -incremental -Xcc -ivfsstatcache -Xcc /Users/hariom/Desktop/WellPlate/.build/DerivedData/SDKStatCaches.noindex/iphoneos26.1-23B77-3885c01c3e6b6a337905948deab2002e69b33fc7382b27d9b5d46e82a00f8e78.sdkstatcache -output-file-map /Users/hariom/Desktop/WellPlate/.build/DerivedData/Build/Intermediates.noindex/WellPlate.build/Debug-iphoneos/WellPlate.build/Objects-normal/arm64/WellPlate-OutputFileMap.json -use-frontend-parseable-output -save-temps -no-color-diagnostics -explicit-module-build -module-cache-path /Users/hariom/Desktop/WellPlate/.build/DerivedData/Build/Intermediates.noindex/SwiftExplicitPrecompiledModules -clang-scanner-module-cache-path /Users/hariom/Desktop/WellPlate/.build/DerivedData/ModuleCache.noindex -sdk-module-cache-path /Users/hariom/Desktop/WellPlate/.build/DerivedData/ModuleCache.noindex -serialize-diagnostics -emit-dependencies -emit-module -emit-module-path /Users/hariom/Desktop/WellPlate/.build/DerivedData/Build/Intermediates.noindex/WellPlate.build/Debug-iphoneos/WellPlate.build/Objects-normal/arm64/WellPlate.swiftmodule -validate-clang-modules-once -clang-build-session-file /Users/hariom/Desktop/WellPlate/.build/DerivedData/ModuleCache.noindex/Session.modulevalidation -Xcc -I/Users/hariom/Desktop/WellPlate/.build/DerivedData/Build/Intermediates.noindex/WellPlate.build/Debug-iphoneos/WellPlate.build/swift-overrides.hmap -emit-const-values -Xfrontend -const-gather-protocols-file -Xfrontend /Users/hariom/Desktop/WellPlate/.build/DerivedData/Build/Intermediates.noindex/WellPlate.build/Debug-iphoneos/WellPlate.build/Objects-normal/arm64/WellPlate_const_extract_protocols.json -Xcc -iquote -Xcc /Users/hariom/Desktop/WellPlate/.build/DerivedData/Build/Intermediates.noindex/WellPlate.build/Debug-iphoneos/WellPlate.build/WellPlate-generated-files.hmap -Xcc -I/Users/hariom/Desktop/WellPlate/.build/DerivedData/Build/Intermediates.noindex/WellPlate.build/Debug-iphoneos/WellPlate.build/WellPlate-own-target-headers.hmap -Xcc -I/Users/hariom/Desktop/WellPlate/.build/DerivedData/Build/Intermediates.noindex/WellPlate.build/Debug-iphoneos/WellPlate.build/WellPlate-all-target-headers.hmap -Xcc -iquote -Xcc /Users/hariom/Desktop/WellPlate/.build/DerivedData/Build/Intermediates.noindex/WellPlate.build/Debug-iphoneos/WellPlate.build/WellPlate-project-headers.hmap -Xcc -I/Users/hariom/Desktop/WellPlate/.build/DerivedData/Build/Products/Debug-iphoneos/include -Xcc -I/Users/hariom/Desktop/WellPlate/.build/DerivedData/Build/Intermediates.noindex/WellPlate.build/Debug-iphoneos/WellPlate.build/DerivedSources-normal/arm64 -Xcc -I/Users/hariom/Desktop/WellPlate/.build/DerivedData/Build/Intermediates.noindex/WellPlate.build/Debug-iphoneos/WellPlate.build/DerivedSources/arm64 -Xcc -I/Users/hariom/Desktop/WellPlate/.build/DerivedData/Build/Intermediates.noindex/WellPlate.build/Debug-iphoneos/WellPlate.build/DerivedSources -Xcc -DDEBUG\=1 -emit-objc-header -emit-objc-header-path /Users/hariom/Desktop/WellPlate/.build/DerivedData/Build/Intermediates.noindex/WellPlate.build/Debug-iphoneos/WellPlate.build/Objects-normal/arm64/WellPlate-Swift.h -working-directory /Users/hariom/Desktop/WellPlate -experimental-emit-module-separately -disable-cmo

CompileAssetCatalogVariant thinned /Users/hariom/Desktop/WellPlate/.build/DerivedData/Build/Products/Debug-iphoneos/WellPlate.app /Users/hariom/Desktop/WellPlate/WellPlate/Resources/Assets.xcassets (in target 'WellPlate' from project 'WellPlate')
    cd /Users/hariom/Desktop/WellPlate
    /Applications/Xcode.app/Contents/Developer/usr/bin/actool /Users/hariom/Desktop/WellPlate/WellPlate/Resources/Assets.xcassets --compile /Users/hariom/Desktop/WellPlate/.build/DerivedData/Build/Intermediates.noindex/WellPlate.build/Debug-iphoneos/WellPlate.build/assetcatalog_output/thinned --output-format human-readable-text --notices --warnings --export-dependency-info /Users/hariom/Desktop/WellPlate/.build/DerivedData/Build/Intermediates.noindex/WellPlate.build/Debug-iphoneos/WellPlate.build/assetcatalog_dependencies_thinned --output-partial-info-plist /Users/hariom/Desktop/WellPlate/.build/DerivedData/Build/Intermediates.noindex/WellPlate.build/Debug-iphoneos/WellPlate.build/assetcatalog_generated_info.plist_thinned --app-icon AppIcon --accent-color AccentColor --compress-pngs --enable-on-demand-resources YES --development-region en --target-device iphone --target-device ipad --minimum-deployment-target 26.1 --platform iphoneos
/* com.apple.actool.compilation-results */
/Users/hariom/Desktop/WellPlate/.build/DerivedData/Build/Intermediates.noindex/WellPlate.build/Debug-iphoneos/WellPlate.build/assetcatalog_generated_info.plist_thinned
/Users/hariom/Desktop/WellPlate/.build/DerivedData/Build/Intermediates.noindex/WellPlate.build/Debug-iphoneos/WellPlate.build/assetcatalog_output/thinned/Assets.car


SwiftCompile normal arm64 Compiling\ SleepStageBarView.swift,\ SleepViewModel.swift,\ SleepDetailView.swift,\ SleepView.swift,\ StressViewModel.swift,\ DietDetailView.swift,\ ExerciseDetailView.swift,\ ScreenTimeDetailView.swift,\ ScreenTimeInputSheet.swift,\ StressFactorCardView.swift,\ StressScoreGaugeView.swift /Users/hariom/Desktop/WellPlate/WellPlate/Features\ +\ UI/Sleep/Components/SleepStageBarView.swift /Users/hariom/Desktop/WellPlate/WellPlate/Features\ +\ UI/Sleep/ViewModels/SleepViewModel.swift /Users/hariom/Desktop/WellPlate/WellPlate/Features\ +\ UI/Sleep/Views/SleepDetailView.swift /Users/hariom/Desktop/WellPlate/WellPlate/Features\ +\ UI/Sleep/Views/SleepView.swift /Users/hariom/Desktop/WellPlate/WellPlate/Features\ +\ UI/Stress/ViewModels/StressViewModel.swift /Users/hariom/Desktop/WellPlate/WellPlate/Features\ +\ UI/Stress/Views/DietDetailView.swift /Users/hariom/Desktop/WellPlate/WellPlate/Features\ +\ UI/Stress/Views/ExerciseDetailView.swift /Users/hariom/Desktop/WellPlate/WellPlate/Features\ +\ UI/Stress/Views/ScreenTimeDetailView.swift /Users/hariom/Desktop/WellPlate/WellPlate/Features\ +\ UI/Stress/Views/ScreenTimeInputSheet.swift /Users/hariom/Desktop/WellPlate/WellPlate/Features\ +\ UI/Stress/Views/StressFactorCardView.swift /Users/hariom/Desktop/WellPlate/WellPlate/Features\ +\ UI/Stress/Views/StressScoreGaugeView.swift (in target 'WellPlate' from project 'WellPlate')
SwiftCompile normal arm64 /Users/hariom/Desktop/WellPlate/WellPlate/Features\ +\ UI/Sleep/Components/SleepStageBarView.swift (in target 'WellPlate' from project 'WellPlate')
    cd /Users/hariom/Desktop/WellPlate
    

SwiftCompile normal arm64 /Users/hariom/Desktop/WellPlate/WellPlate/Features\ +\ UI/Sleep/ViewModels/SleepViewModel.swift (in target 'WellPlate' from project 'WellPlate')
    cd /Users/hariom/Desktop/WellPlate
    
/Users/hariom/Desktop/WellPlate/WellPlate/Features + UI/Sleep/ViewModels/SleepViewModel.swift:25:46: warning: call to main actor-isolated initializer 'init()' in a synchronous nonisolated context
    init(service: HealthKitServiceProtocol = HealthKitService()) {
                                             ^
/Users/hariom/Desktop/WellPlate/WellPlate/Core/Services/HealthKitService.swift:26:13: note: calls to initializer 'init()' from outside of its actor context are implicitly asynchronous
final class HealthKitService: HealthKitServiceProtocol {
            ^
/Users/hariom/Desktop/WellPlate/WellPlate/Core/Services/HealthKitService.swift:26:13: note: main actor isolation inferred from conformance to protocol 'HealthKitServiceProtocol'
final class HealthKitService: HealthKitServiceProtocol {
            ^

SwiftCompile normal arm64 /Users/hariom/Desktop/WellPlate/WellPlate/Features\ +\ UI/Sleep/Views/SleepDetailView.swift (in target 'WellPlate' from project 'WellPlate')
    cd /Users/hariom/Desktop/WellPlate
    

SwiftCompile normal arm64 /Users/hariom/Desktop/WellPlate/WellPlate/Features\ +\ UI/Sleep/Views/SleepView.swift (in target 'WellPlate' from project 'WellPlate')
    cd /Users/hariom/Desktop/WellPlate
    

SwiftCompile normal arm64 /Users/hariom/Desktop/WellPlate/WellPlate/Features\ +\ UI/Stress/ViewModels/StressViewModel.swift (in target 'WellPlate' from project 'WellPlate')
    cd /Users/hariom/Desktop/WellPlate
    
/Users/hariom/Desktop/WellPlate/WellPlate/Features + UI/Stress/ViewModels/StressViewModel.swift:135:52: warning: call to main actor-isolated initializer 'init()' in a synchronous nonisolated context
    init(healthService: HealthKitServiceProtocol = HealthKitService(), modelContext: ModelContext) {
                                                   ^
/Users/hariom/Desktop/WellPlate/WellPlate/Core/Services/HealthKitService.swift:26:13: note: calls to initializer 'init()' from outside of its actor context are implicitly asynchronous
final class HealthKitService: HealthKitServiceProtocol {
            ^
/Users/hariom/Desktop/WellPlate/WellPlate/Core/Services/HealthKitService.swift:26:13: note: main actor isolation inferred from conformance to protocol 'HealthKitServiceProtocol'
final class HealthKitService: HealthKitServiceProtocol {
            ^

SwiftCompile normal arm64 /Users/hariom/Desktop/WellPlate/WellPlate/Features\ +\ UI/Stress/Views/DietDetailView.swift (in target 'WellPlate' from project 'WellPlate')
    cd /Users/hariom/Desktop/WellPlate
    
/Users/hariom/Desktop/WellPlate/WellPlate/Features + UI/Stress/Views/DietDetailView.swift:82:17: warning: '+' was deprecated in iOS 26.0: Use string interpolation on `Text` instead: `Text("Hello \(name)")`
                + Text(" /25")
                ^

SwiftCompile normal arm64 /Users/hariom/Desktop/WellPlate/WellPlate/Features\ +\ UI/Stress/Views/ExerciseDetailView.swift (in target 'WellPlate' from project 'WellPlate')
    cd /Users/hariom/Desktop/WellPlate
    

SwiftCompile normal arm64 /Users/hariom/Desktop/WellPlate/WellPlate/Features\ +\ UI/Stress/Views/ScreenTimeDetailView.swift (in target 'WellPlate' from project 'WellPlate')
    cd /Users/hariom/Desktop/WellPlate
    
/Users/hariom/Desktop/WellPlate/WellPlate/Features + UI/Stress/Views/ScreenTimeDetailView.swift:78:21: warning: '+' was deprecated in iOS 26.0: Use string interpolation on `Text` instead: `Text("Hello \(name)")`
                    + Text(" /25")
                    ^

SwiftCompile normal arm64 /Users/hariom/Desktop/WellPlate/WellPlate/Features\ +\ UI/Stress/Views/ScreenTimeInputSheet.swift (in target 'WellPlate' from project 'WellPlate')
    cd /Users/hariom/Desktop/WellPlate
    

SwiftCompile normal arm64 /Users/hariom/Desktop/WellPlate/WellPlate/Features\ +\ UI/Stress/Views/StressFactorCardView.swift (in target 'WellPlate' from project 'WellPlate')
    cd /Users/hariom/Desktop/WellPlate
    

SwiftCompile normal arm64 /Users/hariom/Desktop/WellPlate/WellPlate/Features\ +\ UI/Stress/Views/StressScoreGaugeView.swift (in target 'WellPlate' from project 'WellPlate')
    cd /Users/hariom/Desktop/WellPlate
    
/Users/hariom/Desktop/WellPlate/WellPlate/Features + UI/Stress/Views/StressScoreGaugeView.swift:83:13: warning: initialization of immutable value 'sweepRad' was never used; consider replacing with assignment to '_' or removing it
        let sweepRad = sweepAngle * .pi / 180.0
        ~~~~^~~~~~~~
        _

SwiftCompile normal arm64 Compiling\ SoundService.swift,\ WidgetRefreshHelper.swift,\ AppConfig.swift,\ BurnChartView.swift,\ BurnMetricCardView.swift,\ MiniLineChartView.swift,\ ProgressRingView.swift,\ BurnViewModel.swift,\ BurnDetailView.swift,\ BurnView.swift,\ GoalsViewModel.swift /Users/hariom/Desktop/WellPlate/WellPlate/Core/Services/SoundService.swift /Users/hariom/Desktop/WellPlate/WellPlate/Core/Services/WidgetRefreshHelper.swift /Users/hariom/Desktop/WellPlate/WellPlate/Core/AppConfig.swift /Users/hariom/Desktop/WellPlate/WellPlate/Features\ +\ UI/Burn/Components/BurnChartView.swift /Users/hariom/Desktop/WellPlate/WellPlate/Features\ +\ UI/Burn/Components/BurnMetricCardView.swift /Users/hariom/Desktop/WellPlate/WellPlate/Features\ +\ UI/Burn/Components/MiniLineChartView.swift /Users/hariom/Desktop/WellPlate/WellPlate/Features\ +\ UI/Burn/Components/ProgressRingView.swift /Users/hariom/Desktop/WellPlate/WellPlate/Features\ +\ UI/Burn/ViewModels/BurnViewModel.swift /Users/hariom/Desktop/WellPlate/WellPlate/Features\ +\ UI/Burn/Views/BurnDetailView.swift /Users/hariom/Desktop/WellPlate/WellPlate/Features\ +\ UI/Burn/Views/BurnView.swift /Users/hariom/Desktop/WellPlate/WellPlate/Features\ +\ UI/Goals/ViewModels/GoalsViewModel.swift (in target 'WellPlate' from project 'WellPlate')

SwiftCompile normal arm64 /Users/hariom/Desktop/WellPlate/WellPlate/Core/Services/SoundService.swift (in target 'WellPlate' from project 'WellPlate')
    cd /Users/hariom/Desktop/WellPlate
    

SwiftCompile normal arm64 /Users/hariom/Desktop/WellPlate/WellPlate/Core/Services/WidgetRefreshHelper.swift (in target 'WellPlate' from project 'WellPlate')
    cd /Users/hariom/Desktop/WellPlate
    

SwiftCompile normal arm64 /Users/hariom/Desktop/WellPlate/WellPlate/Core/AppConfig.swift (in target 'WellPlate' from project 'WellPlate')
    cd /Users/hariom/Desktop/WellPlate
    

SwiftCompile normal arm64 /Users/hariom/Desktop/WellPlate/WellPlate/Features\ +\ UI/Burn/Components/BurnChartView.swift (in target 'WellPlate' from project 'WellPlate')
    cd /Users/hariom/Desktop/WellPlate
    

SwiftCompile normal arm64 /Users/hariom/Desktop/WellPlate/WellPlate/Features\ +\ UI/Burn/Components/BurnMetricCardView.swift (in target 'WellPlate' from project 'WellPlate')
    cd /Users/hariom/Desktop/WellPlate
    

SwiftCompile normal arm64 /Users/hariom/Desktop/WellPlate/WellPlate/Features\ +\ UI/Burn/Components/MiniLineChartView.swift (in target 'WellPlate' from project 'WellPlate')
    cd /Users/hariom/Desktop/WellPlate
    

SwiftCompile normal arm64 /Users/hariom/Desktop/WellPlate/WellPlate/Features\ +\ UI/Burn/Components/ProgressRingView.swift (in target 'WellPlate' from project 'WellPlate')
    cd /Users/hariom/Desktop/WellPlate
    

SwiftCompile normal arm64 /Users/hariom/Desktop/WellPlate/WellPlate/Features\ +\ UI/Burn/ViewModels/BurnViewModel.swift (in target 'WellPlate' from project 'WellPlate')
    cd /Users/hariom/Desktop/WellPlate
    
/Users/hariom/Desktop/WellPlate/WellPlate/Features + UI/Burn/ViewModels/BurnViewModel.swift:26:46: warning: call to main actor-isolated initializer 'init()' in a synchronous nonisolated context
    init(service: HealthKitServiceProtocol = HealthKitService()) {
                                             ^
/Users/hariom/Desktop/WellPlate/WellPlate/Core/Services/HealthKitService.swift:26:13: note: calls to initializer 'init()' from outside of its actor context are implicitly asynchronous
final class HealthKitService: HealthKitServiceProtocol {
            ^
/Users/hariom/Desktop/WellPlate/WellPlate/Core/Services/HealthKitService.swift:26:13: note: main actor isolation inferred from conformance to protocol 'HealthKitServiceProtocol'
final class HealthKitService: HealthKitServiceProtocol {
            ^

SwiftCompile normal arm64 /Users/hariom/Desktop/WellPlate/WellPlate/Features\ +\ UI/Burn/Views/BurnDetailView.swift (in target 'WellPlate' from project 'WellPlate')
    cd /Users/hariom/Desktop/WellPlate
    

SwiftCompile normal arm64 /Users/hariom/Desktop/WellPlate/WellPlate/Features\ +\ UI/Burn/Views/BurnView.swift (in target 'WellPlate' from project 'WellPlate')
    cd /Users/hariom/Desktop/WellPlate
    

SwiftCompile normal arm64 /Users/hariom/Desktop/WellPlate/WellPlate/Features\ +\ UI/Goals/ViewModels/GoalsViewModel.swift (in target 'WellPlate' from project 'WellPlate')
    cd /Users/hariom/Desktop/WellPlate
    

SwiftCompile normal arm64 Compiling\ RootView.swift,\ SplashScreenView.swift,\ WellPlateApp.swift,\ HapticService.swift,\ HealthKitService.swift,\ HealthKitServiceProtocol.swift,\ MealCoachService.swift,\ NutritionNarratorService.swift,\ NutritionService.swift,\ NutritionServiceProtocol.swift,\ ScreenTimeManager.swift /Users/hariom/Desktop/WellPlate/WellPlate/App/RootView.swift /Users/hariom/Desktop/WellPlate/WellPlate/App/SplashScreenView.swift /Users/hariom/Desktop/WellPlate/WellPlate/App/WellPlateApp.swift /Users/hariom/Desktop/WellPlate/WellPlate/Core/Services/HapticService.swift /Users/hariom/Desktop/WellPlate/WellPlate/Core/Services/HealthKitService.swift /Users/hariom/Desktop/WellPlate/WellPlate/Core/Services/HealthKitServiceProtocol.swift /Users/hariom/Desktop/WellPlate/WellPlate/Core/Services/MealCoachService.swift /Users/hariom/Desktop/WellPlate/WellPlate/Core/Services/NutritionNarratorService.swift /Users/hariom/Desktop/WellPlate/WellPlate/Core/Services/NutritionService.swift /Users/hariom/Desktop/WellPlate/WellPlate/Core/Services/NutritionServiceProtocol.swift /Users/hariom/Desktop/WellPlate/WellPlate/Core/Services/ScreenTimeManager.swift (in target 'WellPlate' from project 'WellPlate')

SwiftCompile normal arm64 /Users/hariom/Desktop/WellPlate/WellPlate/App/RootView.swift (in target 'WellPlate' from project 'WellPlate')
    cd /Users/hariom/Desktop/WellPlate
    

SwiftCompile normal arm64 /Users/hariom/Desktop/WellPlate/WellPlate/App/SplashScreenView.swift (in target 'WellPlate' from project 'WellPlate')
    cd /Users/hariom/Desktop/WellPlate
    

SwiftCompile normal arm64 /Users/hariom/Desktop/WellPlate/WellPlate/App/WellPlateApp.swift (in target 'WellPlate' from project 'WellPlate')
    cd /Users/hariom/Desktop/WellPlate
    

SwiftCompile normal arm64 /Users/hariom/Desktop/WellPlate/WellPlate/Core/Services/HapticService.swift (in target 'WellPlate' from project 'WellPlate')
    cd /Users/hariom/Desktop/WellPlate
    

SwiftCompile normal arm64 /Users/hariom/Desktop/WellPlate/WellPlate/Core/Services/HealthKitService.swift (in target 'WellPlate' from project 'WellPlate')
    cd /Users/hariom/Desktop/WellPlate
    

SwiftCompile normal arm64 /Users/hariom/Desktop/WellPlate/WellPlate/Core/Services/HealthKitServiceProtocol.swift (in target 'WellPlate' from project 'WellPlate')
    cd /Users/hariom/Desktop/WellPlate
    

SwiftCompile normal arm64 /Users/hariom/Desktop/WellPlate/WellPlate/Core/Services/MealCoachService.swift (in target 'WellPlate' from project 'WellPlate')
    cd /Users/hariom/Desktop/WellPlate
    

SwiftCompile normal arm64 /Users/hariom/Desktop/WellPlate/WellPlate/Core/Services/NutritionNarratorService.swift (in target 'WellPlate' from project 'WellPlate')
    cd /Users/hariom/Desktop/WellPlate
    

SwiftCompile normal arm64 /Users/hariom/Desktop/WellPlate/WellPlate/Core/Services/NutritionService.swift (in target 'WellPlate' from project 'WellPlate')
    cd /Users/hariom/Desktop/WellPlate
    

SwiftCompile normal arm64 /Users/hariom/Desktop/WellPlate/WellPlate/Core/Services/NutritionServiceProtocol.swift (in target 'WellPlate' from project 'WellPlate')
    cd /Users/hariom/Desktop/WellPlate
    

SwiftCompile normal arm64 /Users/hariom/Desktop/WellPlate/WellPlate/Core/Services/ScreenTimeManager.swift (in target 'WellPlate' from project 'WellPlate')
    cd /Users/hariom/Desktop/WellPlate
    

SwiftCompile normal arm64 Compiling\ GoalsView.swift,\ ActivityCard.swift,\ CalorieHeroCard.swift,\ ExpandableFAB.swift,\ GoalExpandableView.swift,\ HomeHeaderView.swift,\ HydrationCard.swift,\ MealLogCard.swift,\ QuickAddCard.swift,\ QuickLogSection.swift,\ StressInsightCard.swift /Users/hariom/Desktop/WellPlate/WellPlate/Features\ +\ UI/Goals/Views/GoalsView.swift /Users/hariom/Desktop/WellPlate/WellPlate/Features\ +\ UI/Home/Components/ActivityCard.swift /Users/hariom/Desktop/WellPlate/WellPlate/Features\ +\ UI/Home/Components/CalorieHeroCard.swift /Users/hariom/Desktop/WellPlate/WellPlate/Features\ +\ UI/Home/Components/ExpandableFAB.swift /Users/hariom/Desktop/WellPlate/WellPlate/Features\ +\ UI/Home/Components/GoalExpandableView.swift /Users/hariom/Desktop/WellPlate/WellPlate/Features\ +\ UI/Home/Components/HomeHeaderView.swift /Users/hariom/Desktop/WellPlate/WellPlate/Features\ +\ UI/Home/Components/HydrationCard.swift /Users/hariom/Desktop/WellPlate/WellPlate/Features\ +\ UI/Home/Components/MealLogCard.swift /Users/hariom/Desktop/WellPlate/WellPlate/Features\ +\ UI/Home/Components/QuickAddCard.swift /Users/hariom/Desktop/WellPlate/WellPlate/Features\ +\ UI/Home/Components/QuickLogSection.swift /Users/hariom/Desktop/WellPlate/WellPlate/Features\ +\ UI/Home/Components/StressInsightCard.swift (in target 'WellPlate' from project 'WellPlate')

SwiftCompile normal arm64 /Users/hariom/Desktop/WellPlate/WellPlate/Features\ +\ UI/Goals/Views/GoalsView.swift (in target 'WellPlate' from project 'WellPlate')
    cd /Users/hariom/Desktop/WellPlate
    

SwiftCompile normal arm64 /Users/hariom/Desktop/WellPlate/WellPlate/Features\ +\ UI/Home/Components/ActivityCard.swift (in target 'WellPlate' from project 'WellPlate')
    cd /Users/hariom/Desktop/WellPlate
    

SwiftCompile normal arm64 /Users/hariom/Desktop/WellPlate/WellPlate/Features\ +\ UI/Home/Components/CalorieHeroCard.swift (in target 'WellPlate' from project 'WellPlate')
    cd /Users/hariom/Desktop/WellPlate
    

SwiftCompile normal arm64 /Users/hariom/Desktop/WellPlate/WellPlate/Features\ +\ UI/Home/Components/ExpandableFAB.swift (in target 'WellPlate' from project 'WellPlate')
    cd /Users/hariom/Desktop/WellPlate
    

SwiftCompile normal arm64 /Users/hariom/Desktop/WellPlate/WellPlate/Features\ +\ UI/Home/Components/GoalExpandableView.swift (in target 'WellPlate' from project 'WellPlate')
    cd /Users/hariom/Desktop/WellPlate
    

SwiftCompile normal arm64 /Users/hariom/Desktop/WellPlate/WellPlate/Features\ +\ UI/Home/Components/HomeHeaderView.swift (in target 'WellPlate' from project 'WellPlate')
    cd /Users/hariom/Desktop/WellPlate
    

SwiftCompile normal arm64 /Users/hariom/Desktop/WellPlate/WellPlate/Features\ +\ UI/Home/Components/HydrationCard.swift (in target 'WellPlate' from project 'WellPlate')
    cd /Users/hariom/Desktop/WellPlate
    

SwiftCompile normal arm64 /Users/hariom/Desktop/WellPlate/WellPlate/Features\ +\ UI/Home/Components/MealLogCard.swift (in target 'WellPlate' from project 'WellPlate')
    cd /Users/hariom/Desktop/WellPlate
    

SwiftCompile normal arm64 /Users/hariom/Desktop/WellPlate/WellPlate/Features\ +\ UI/Home/Components/QuickAddCard.swift (in target 'WellPlate' from project 'WellPlate')
    cd /Users/hariom/Desktop/WellPlate
    

SwiftCompile normal arm64 /Users/hariom/Desktop/WellPlate/WellPlate/Features\ +\ UI/Home/Components/QuickLogSection.swift (in target 'WellPlate' from project 'WellPlate')
    cd /Users/hariom/Desktop/WellPlate
    

SwiftCompile normal arm64 /Users/hariom/Desktop/WellPlate/WellPlate/Features\ +\ UI/Home/Components/StressInsightCard.swift (in target 'WellPlate' from project 'WellPlate')
    cd /Users/hariom/Desktop/WellPlate
    

SwiftEmitModule normal arm64 Emitting\ module\ for\ WellPlate (in target 'WellPlate' from project 'WellPlate')

EmitSwiftModule normal arm64 (in target 'WellPlate' from project 'WellPlate')
    cd /Users/hariom/Desktop/WellPlate
    
/Users/hariom/Desktop/WellPlate/WellPlate/Features + UI/Burn/ViewModels/BurnViewModel.swift:26:46: warning: call to main actor-isolated initializer 'init()' in a synchronous nonisolated context
    init(service: HealthKitServiceProtocol = HealthKitService()) {
                                             ^
/Users/hariom/Desktop/WellPlate/WellPlate/Core/Services/HealthKitService.swift:26:13: note: calls to initializer 'init()' from outside of its actor context are implicitly asynchronous
final class HealthKitService: HealthKitServiceProtocol {
            ^
/Users/hariom/Desktop/WellPlate/WellPlate/Core/Services/HealthKitService.swift:26:13: note: main actor isolation inferred from conformance to protocol 'HealthKitServiceProtocol'
final class HealthKitService: HealthKitServiceProtocol {
            ^
/Users/hariom/Desktop/WellPlate/WellPlate/Features + UI/Home/ViewModels/HomeViewModel.swift:32:54: warning: call to main actor-isolated initializer 'init(apiClient:)' in a synchronous nonisolated context
        nutritionService: NutritionServiceProtocol = NutritionService(),
                                                     ^
/Users/hariom/Desktop/WellPlate/WellPlate/Core/Services/NutritionService.swift:16:5: note: calls to initializer 'init(apiClient:)' from outside of its actor context are implicitly asynchronous
    init(apiClient: APIClientProtocol = APIClientFactory.shared) {
    ^
/Users/hariom/Desktop/WellPlate/WellPlate/Core/Services/NutritionService.swift:16:5: note: main actor isolation inferred from conformance to protocol 'NutritionServiceProtocol'
    init(apiClient: APIClientProtocol = APIClientFactory.shared) {
    ^
/Users/hariom/Desktop/WellPlate/WellPlate/Features + UI/Home/ViewModels/HomeViewModel.swift:33:39: warning: call to main actor-isolated initializer 'init()' in a synchronous nonisolated context
        mealCoach: MealCoachService = MealCoachService()
                                      ^
/Users/hariom/Desktop/WellPlate/WellPlate/Core/Services/MealCoachService.swift:51:13: note: calls to initializer 'init()' from outside of its actor context are implicitly asynchronous
final class MealCoachService: ObservableObject {
            ^
/Users/hariom/Desktop/WellPlate/WellPlate/Features + UI/Sleep/ViewModels/SleepViewModel.swift:25:46: warning: call to main actor-isolated initializer 'init()' in a synchronous nonisolated context
    init(service: HealthKitServiceProtocol = HealthKitService()) {
                                             ^
/Users/hariom/Desktop/WellPlate/WellPlate/Core/Services/HealthKitService.swift:26:13: note: calls to initializer 'init()' from outside of its actor context are implicitly asynchronous
final class HealthKitService: HealthKitServiceProtocol {
            ^
/Users/hariom/Desktop/WellPlate/WellPlate/Core/Services/HealthKitService.swift:26:13: note: main actor isolation inferred from conformance to protocol 'HealthKitServiceProtocol'
final class HealthKitService: HealthKitServiceProtocol {
            ^
/Users/hariom/Desktop/WellPlate/WellPlate/Features + UI/Stress/ViewModels/StressViewModel.swift:135:52: warning: call to main actor-isolated initializer 'init()' in a synchronous nonisolated context
    init(healthService: HealthKitServiceProtocol = HealthKitService(), modelContext: ModelContext) {
                                                   ^
/Users/hariom/Desktop/WellPlate/WellPlate/Core/Services/HealthKitService.swift:26:13: note: calls to initializer 'init()' from outside of its actor context are implicitly asynchronous
final class HealthKitService: HealthKitServiceProtocol {
            ^
/Users/hariom/Desktop/WellPlate/WellPlate/Core/Services/HealthKitService.swift:26:13: note: main actor isolation inferred from conformance to protocol 'HealthKitServiceProtocol'
final class HealthKitService: HealthKitServiceProtocol {
            ^
/Users/hariom/Desktop/WellPlate/WellPlate/Networking/Mock/MockAPIClient.swift:23:10: warning: non-Sendable parameter type 'T.Type' cannot be sent from caller of protocol requirement 'request(url:method:headers:body:responseType:)' into main actor-isolated implementation; this is an error in the Swift 6 language mode
    func request<T: Decodable>(
         ^
/Users/hariom/Desktop/WellPlate/WellPlate/Networking/Mock/MockAPIClient.swift:87:10: warning: non-Sendable parameter type 'T.Type' cannot be sent from caller of protocol requirement 'get(url:headers:responseType:)' into main actor-isolated implementation; this is an error in the Swift 6 language mode
    func get<T: Decodable>(
         ^
/Users/hariom/Desktop/WellPlate/WellPlate/Networking/Mock/MockAPIClient.swift:95:10: warning: non-Sendable parameter type 'T.Type' cannot be sent from caller of protocol requirement 'post(url:headers:body:responseType:)' into main actor-isolated implementation; this is an error in the Swift 6 language mode
    func post<T: Decodable>(
         ^
/Users/hariom/Desktop/WellPlate/WellPlate/Networking/Mock/MockAPIClient.swift:104:10: warning: non-Sendable parameter type 'T.Type' cannot be sent from caller of protocol requirement 'put(url:headers:body:responseType:)' into main actor-isolated implementation; this is an error in the Swift 6 language mode
    func put<T: Decodable>(
         ^
/Users/hariom/Desktop/WellPlate/WellPlate/Networking/Mock/MockAPIClient.swift:113:10: warning: non-Sendable parameter type 'T.Type' cannot be sent from caller of protocol requirement 'delete(url:headers:responseType:)' into main actor-isolated implementation; this is an error in the Swift 6 language mode
    func delete<T: Decodable>(
         ^
/Users/hariom/Desktop/WellPlate/WellPlate/Networking/Mock/MockAPIClient.swift:121:10: warning: non-Sendable parameter type 'T.Type' cannot be sent from caller of protocol requirement 'patch(url:headers:body:responseType:)' into main actor-isolated implementation; this is an error in the Swift 6 language mode
    func patch<T: Decodable>(
         ^
/Users/hariom/Desktop/WellPlate/WellPlate/Networking/Real/APIClient.swift:24:10: warning: non-Sendable parameter type 'T.Type' cannot be sent from caller of protocol requirement 'request(url:method:headers:body:responseType:)' into main actor-isolated implementation; this is an error in the Swift 6 language mode
    func request<T: Decodable>(
         ^
/Users/hariom/Desktop/WellPlate/WellPlate/Networking/Real/APIClient.swift:87:10: warning: non-Sendable parameter type 'T.Type' cannot be sent from caller of protocol requirement 'get(url:headers:responseType:)' into main actor-isolated implementation; this is an error in the Swift 6 language mode
    func get<T: Decodable>(
         ^
/Users/hariom/Desktop/WellPlate/WellPlate/Networking/Real/APIClient.swift:95:10: warning: non-Sendable parameter type 'T.Type' cannot be sent from caller of protocol requirement 'post(url:headers:body:responseType:)' into main actor-isolated implementation; this is an error in the Swift 6 language mode
    func post<T: Decodable>(
         ^
/Users/hariom/Desktop/WellPlate/WellPlate/Networking/Real/APIClient.swift:104:10: warning: non-Sendable parameter type 'T.Type' cannot be sent from caller of protocol requirement 'put(url:headers:body:responseType:)' into main actor-isolated implementation; this is an error in the Swift 6 language mode
    func put<T: Decodable>(
         ^
/Users/hariom/Desktop/WellPlate/WellPlate/Networking/Real/APIClient.swift:113:10: warning: non-Sendable parameter type 'T.Type' cannot be sent from caller of protocol requirement 'delete(url:headers:responseType:)' into main actor-isolated implementation; this is an error in the Swift 6 language mode
    func delete<T: Decodable>(
         ^
/Users/hariom/Desktop/WellPlate/WellPlate/Networking/Real/APIClient.swift:121:10: warning: non-Sendable parameter type 'T.Type' cannot be sent from caller of protocol requirement 'patch(url:headers:body:responseType:)' into main actor-isolated implementation; this is an error in the Swift 6 language mode
    func patch<T: Decodable>(
         ^

SwiftCompile normal arm64 Compiling\ ByoSyncCustomProgressView.swift,\ CustomProgressView.swift,\ ImagePicker.swift,\ LoadingScreenView.swift,\ MoodCheckInCard.swift,\ NarratorButton.swift,\ Font.swift,\ NormalizeFoodName.swift,\ SharedFoodData.swift,\ GeneratedAssetSymbols.swift /Users/hariom/Desktop/WellPlate/WellPlate/Shared/Components/ByoSyncCustomProgressView.swift /Users/hariom/Desktop/WellPlate/WellPlate/Shared/Components/CustomProgressView.swift /Users/hariom/Desktop/WellPlate/WellPlate/Shared/Components/ImagePicker.swift /Users/hariom/Desktop/WellPlate/WellPlate/Shared/Components/LoadingScreenView.swift /Users/hariom/Desktop/WellPlate/WellPlate/Shared/Components/MoodCheckInCard.swift /Users/hariom/Desktop/WellPlate/WellPlate/Shared/Components/NarratorButton.swift /Users/hariom/Desktop/WellPlate/WellPlate/Shared/Extensions/Font/Font.swift /Users/hariom/Desktop/WellPlate/WellPlate/Shared/Extensions/Normalized\ Food\ Names/NormalizeFoodName.swift /Users/hariom/Desktop/WellPlate/WellPlate/Widgets/SharedFoodData.swift /Users/hariom/Desktop/WellPlate/.build/DerivedData/Build/Intermediates.noindex/WellPlate.build/Debug-iphoneos/WellPlate.build/DerivedSources/GeneratedAssetSymbols.swift (in target 'WellPlate' from project 'WellPlate')

SwiftCompile normal arm64 /Users/hariom/Desktop/WellPlate/WellPlate/Shared/Components/ByoSyncCustomProgressView.swift (in target 'WellPlate' from project 'WellPlate')
    cd /Users/hariom/Desktop/WellPlate
    

SwiftCompile normal arm64 /Users/hariom/Desktop/WellPlate/WellPlate/Shared/Components/CustomProgressView.swift (in target 'WellPlate' from project 'WellPlate')
    cd /Users/hariom/Desktop/WellPlate
    

SwiftCompile normal arm64 /Users/hariom/Desktop/WellPlate/WellPlate/Shared/Components/ImagePicker.swift (in target 'WellPlate' from project 'WellPlate')
    cd /Users/hariom/Desktop/WellPlate
    

SwiftCompile normal arm64 /Users/hariom/Desktop/WellPlate/WellPlate/Shared/Components/LoadingScreenView.swift (in target 'WellPlate' from project 'WellPlate')
    cd /Users/hariom/Desktop/WellPlate
    

SwiftCompile normal arm64 /Users/hariom/Desktop/WellPlate/WellPlate/Shared/Components/MoodCheckInCard.swift (in target 'WellPlate' from project 'WellPlate')
    cd /Users/hariom/Desktop/WellPlate
    

SwiftCompile normal arm64 /Users/hariom/Desktop/WellPlate/WellPlate/Shared/Components/NarratorButton.swift (in target 'WellPlate' from project 'WellPlate')
    cd /Users/hariom/Desktop/WellPlate
    

SwiftCompile normal arm64 /Users/hariom/Desktop/WellPlate/WellPlate/Shared/Extensions/Font/Font.swift (in target 'WellPlate' from project 'WellPlate')
    cd /Users/hariom/Desktop/WellPlate
    

SwiftCompile normal arm64 /Users/hariom/Desktop/WellPlate/WellPlate/Shared/Extensions/Normalized\ Food\ Names/NormalizeFoodName.swift (in target 'WellPlate' from project 'WellPlate')
    cd /Users/hariom/Desktop/WellPlate
    

SwiftCompile normal arm64 /Users/hariom/Desktop/WellPlate/WellPlate/Widgets/SharedFoodData.swift (in target 'WellPlate' from project 'WellPlate')
    cd /Users/hariom/Desktop/WellPlate
    

SwiftCompile normal arm64 /Users/hariom/Desktop/WellPlate/.build/DerivedData/Build/Intermediates.noindex/WellPlate.build/Debug-iphoneos/WellPlate.build/DerivedSources/GeneratedAssetSymbols.swift (in target 'WellPlate' from project 'WellPlate')
    cd /Users/hariom/Desktop/WellPlate
    

SwiftCompile normal arm64 Compiling\ StressView.swift,\ StressVitalCardView.swift,\ VitalDetailView.swift,\ BurnView_REMOVE.swift,\ MainTabView.swift,\ ProfileView.swift,\ FoodCache.swift,\ FoodLogEntry.swift,\ HealthModels.swift,\ NutritionalInfo.swift,\ NutritionModels.swift /Users/hariom/Desktop/WellPlate/WellPlate/Features\ +\ UI/Stress/Views/StressView.swift /Users/hariom/Desktop/WellPlate/WellPlate/Features\ +\ UI/Stress/Views/StressVitalCardView.swift /Users/hariom/Desktop/WellPlate/WellPlate/Features\ +\ UI/Stress/Views/VitalDetailView.swift /Users/hariom/Desktop/WellPlate/WellPlate/Features\ +\ UI/Tab/BurnView_REMOVE.swift /Users/hariom/Desktop/WellPlate/WellPlate/Features\ +\ UI/Tab/MainTabView.swift /Users/hariom/Desktop/WellPlate/WellPlate/Features\ +\ UI/Tab/ProfileView.swift /Users/hariom/Desktop/WellPlate/WellPlate/Models/Food\ Cache/FoodCache.swift /Users/hariom/Desktop/WellPlate/WellPlate/Models/Food\ Log\ Entry/FoodLogEntry.swift /Users/hariom/Desktop/WellPlate/WellPlate/Models/HealthModels.swift /Users/hariom/Desktop/WellPlate/WellPlate/Models/NutritionalInfo.swift /Users/hariom/Desktop/WellPlate/WellPlate/Models/NutritionModels.swift (in target 'WellPlate' from project 'WellPlate')

SwiftCompile normal arm64 /Users/hariom/Desktop/WellPlate/WellPlate/Features\ +\ UI/Stress/Views/StressView.swift (in target 'WellPlate' from project 'WellPlate')
    cd /Users/hariom/Desktop/WellPlate
    
/Users/hariom/Desktop/WellPlate/WellPlate/Features + UI/Stress/Views/StressView.swift:79:10: warning: 'onChange(of:perform:)' was deprecated in iOS 17.0: Use `onChange` with a two or zero parameter action closure instead.
        .onChange(of: scenePhase) { phase in
         ^
/Users/hariom/Desktop/WellPlate/WellPlate/Features + UI/Stress/Views/StressView.swift:408:13: warning: initialization of immutable value 'hour' was never used; consider replacing with assignment to '_' or removing it
        let hour = Calendar.current.component(.hour, from: Date())
        ~~~~^~~~
        _
/Users/hariom/Desktop/WellPlate/WellPlate/Features + UI/Stress/ViewModels/StressViewModel.swift:135:52: warning: call to main actor-isolated initializer 'init()' in a synchronous nonisolated context
    init(healthService: HealthKitServiceProtocol = HealthKitService(), modelContext: ModelContext) {
                                                   ^
/Users/hariom/Desktop/WellPlate/WellPlate/Core/Services/HealthKitService.swift:26:13: note: calls to initializer 'init()' from outside of its actor context are implicitly asynchronous
final class HealthKitService: HealthKitServiceProtocol {
            ^
/Users/hariom/Desktop/WellPlate/WellPlate/Core/Services/HealthKitService.swift:26:13: note: main actor isolation inferred from conformance to protocol 'HealthKitServiceProtocol'
final class HealthKitService: HealthKitServiceProtocol {
            ^

SwiftCompile normal arm64 /Users/hariom/Desktop/WellPlate/WellPlate/Features\ +\ UI/Stress/Views/StressVitalCardView.swift (in target 'WellPlate' from project 'WellPlate')
    cd /Users/hariom/Desktop/WellPlate
    

SwiftCompile normal arm64 /Users/hariom/Desktop/WellPlate/WellPlate/Features\ +\ UI/Stress/Views/VitalDetailView.swift (in target 'WellPlate' from project 'WellPlate')
    cd /Users/hariom/Desktop/WellPlate
    

SwiftCompile normal arm64 /Users/hariom/Desktop/WellPlate/WellPlate/Features\ +\ UI/Tab/BurnView_REMOVE.swift (in target 'WellPlate' from project 'WellPlate')
    cd /Users/hariom/Desktop/WellPlate
    

SwiftCompile normal arm64 /Users/hariom/Desktop/WellPlate/WellPlate/Features\ +\ UI/Tab/MainTabView.swift (in target 'WellPlate' from project 'WellPlate')
    cd /Users/hariom/Desktop/WellPlate
    

SwiftCompile normal arm64 /Users/hariom/Desktop/WellPlate/WellPlate/Features\ +\ UI/Tab/ProfileView.swift (in target 'WellPlate' from project 'WellPlate')
    cd /Users/hariom/Desktop/WellPlate
    

SwiftCompile normal arm64 /Users/hariom/Desktop/WellPlate/WellPlate/Models/Food\ Cache/FoodCache.swift (in target 'WellPlate' from project 'WellPlate')
    cd /Users/hariom/Desktop/WellPlate
    

SwiftCompile normal arm64 /Users/hariom/Desktop/WellPlate/WellPlate/Models/Food\ Log\ Entry/FoodLogEntry.swift (in target 'WellPlate' from project 'WellPlate')
    cd /Users/hariom/Desktop/WellPlate
    

SwiftCompile normal arm64 /Users/hariom/Desktop/WellPlate/WellPlate/Models/HealthModels.swift (in target 'WellPlate' from project 'WellPlate')
    cd /Users/hariom/Desktop/WellPlate
    

SwiftCompile normal arm64 /Users/hariom/Desktop/WellPlate/WellPlate/Models/NutritionalInfo.swift (in target 'WellPlate' from project 'WellPlate')
    cd /Users/hariom/Desktop/WellPlate
    

SwiftCompile normal arm64 /Users/hariom/Desktop/WellPlate/WellPlate/Models/NutritionModels.swift (in target 'WellPlate' from project 'WellPlate')
    cd /Users/hariom/Desktop/WellPlate
    

SwiftCompile normal arm64 Compiling\ WellnessRingsCard.swift,\ HomeViewModel.swift,\ WellnessCalendarViewModel.swift,\ DisambiguationChipsView.swift,\ FoodJournalView.swift,\ HomeView.swift,\ StreakDetailView.swift,\ WellnessCalendarView.swift,\ FoodOption.swift,\ ProgressInsightsView.swift,\ SleepChartView.swift /Users/hariom/Desktop/WellPlate/WellPlate/Features\ +\ UI/Home/Components/WellnessRingsCard.swift /Users/hariom/Desktop/WellPlate/WellPlate/Features\ +\ UI/Home/ViewModels/HomeViewModel.swift /Users/hariom/Desktop/WellPlate/WellPlate/Features\ +\ UI/Home/ViewModels/WellnessCalendarViewModel.swift /Users/hariom/Desktop/WellPlate/WellPlate/Features\ +\ UI/Home/Views/DisambiguationChipsView.swift /Users/hariom/Desktop/WellPlate/WellPlate/Features\ +\ UI/Home/Views/FoodJournalView.swift /Users/hariom/Desktop/WellPlate/WellPlate/Features\ +\ UI/Home/Views/HomeView.swift /Users/hariom/Desktop/WellPlate/WellPlate/Features\ +\ UI/Home/Views/StreakDetailView.swift /Users/hariom/Desktop/WellPlate/WellPlate/Features\ +\ UI/Home/Views/WellnessCalendarView.swift /Users/hariom/Desktop/WellPlate/WellPlate/Features\ +\ UI/Home/FoodOption.swift /Users/hariom/Desktop/WellPlate/WellPlate/Features\ +\ UI/Progress/Views/ProgressInsightsView.swift /Users/hariom/Desktop/WellPlate/WellPlate/Features\ +\ UI/Sleep/Components/SleepChartView.swift (in target 'WellPlate' from project 'WellPlate')
SwiftCompile normal arm64 /Users/hariom/Desktop/WellPlate/WellPlate/Features\ +\ UI/Home/Components/WellnessRingsCard.swift (in target 'WellPlate' from project 'WellPlate')
    cd /Users/hariom/Desktop/WellPlate
    

SwiftCompile normal arm64 /Users/hariom/Desktop/WellPlate/WellPlate/Features\ +\ UI/Home/ViewModels/HomeViewModel.swift (in target 'WellPlate' from project 'WellPlate')
    cd /Users/hariom/Desktop/WellPlate
    
/Users/hariom/Desktop/WellPlate/WellPlate/Features + UI/Home/ViewModels/HomeViewModel.swift:32:54: warning: call to main actor-isolated initializer 'init(apiClient:)' in a synchronous nonisolated context
        nutritionService: NutritionServiceProtocol = NutritionService(),
                                                     ^
/Users/hariom/Desktop/WellPlate/WellPlate/Core/Services/NutritionService.swift:16:5: note: calls to initializer 'init(apiClient:)' from outside of its actor context are implicitly asynchronous
    init(apiClient: APIClientProtocol = APIClientFactory.shared) {
    ^
/Users/hariom/Desktop/WellPlate/WellPlate/Core/Services/NutritionService.swift:16:5: note: main actor isolation inferred from conformance to protocol 'NutritionServiceProtocol'
    init(apiClient: APIClientProtocol = APIClientFactory.shared) {
    ^
/Users/hariom/Desktop/WellPlate/WellPlate/Features + UI/Home/ViewModels/HomeViewModel.swift:33:39: warning: call to main actor-isolated initializer 'init()' in a synchronous nonisolated context
        mealCoach: MealCoachService = MealCoachService()
                                      ^
/Users/hariom/Desktop/WellPlate/WellPlate/Core/Services/MealCoachService.swift:51:13: note: calls to initializer 'init()' from outside of its actor context are implicitly asynchronous
final class MealCoachService: ObservableObject {
            ^

SwiftCompile normal arm64 /Users/hariom/Desktop/WellPlate/WellPlate/Features\ +\ UI/Home/ViewModels/WellnessCalendarViewModel.swift (in target 'WellPlate' from project 'WellPlate')
    cd /Users/hariom/Desktop/WellPlate
    

SwiftCompile normal arm64 /Users/hariom/Desktop/WellPlate/WellPlate/Features\ +\ UI/Home/Views/DisambiguationChipsView.swift (in target 'WellPlate' from project 'WellPlate')
    cd /Users/hariom/Desktop/WellPlate
    

SwiftCompile normal arm64 /Users/hariom/Desktop/WellPlate/WellPlate/Features\ +\ UI/Home/Views/FoodJournalView.swift (in target 'WellPlate' from project 'WellPlate')
    cd /Users/hariom/Desktop/WellPlate
    

SwiftCompile normal arm64 /Users/hariom/Desktop/WellPlate/WellPlate/Features\ +\ UI/Home/Views/HomeView.swift (in target 'WellPlate' from project 'WellPlate')
    cd /Users/hariom/Desktop/WellPlate
    

SwiftCompile normal arm64 /Users/hariom/Desktop/WellPlate/WellPlate/Features\ +\ UI/Home/Views/StreakDetailView.swift (in target 'WellPlate' from project 'WellPlate')
    cd /Users/hariom/Desktop/WellPlate
    

SwiftCompile normal arm64 /Users/hariom/Desktop/WellPlate/WellPlate/Features\ +\ UI/Home/Views/WellnessCalendarView.swift (in target 'WellPlate' from project 'WellPlate')
    cd /Users/hariom/Desktop/WellPlate
    

SwiftCompile normal arm64 /Users/hariom/Desktop/WellPlate/WellPlate/Features\ +\ UI/Home/FoodOption.swift (in target 'WellPlate' from project 'WellPlate')
    cd /Users/hariom/Desktop/WellPlate
    

SwiftCompile normal arm64 /Users/hariom/Desktop/WellPlate/WellPlate/Features\ +\ UI/Progress/Views/ProgressInsightsView.swift (in target 'WellPlate' from project 'WellPlate')
    cd /Users/hariom/Desktop/WellPlate
    

SwiftCompile normal arm64 /Users/hariom/Desktop/WellPlate/WellPlate/Features\ +\ UI/Sleep/Components/SleepChartView.swift (in target 'WellPlate' from project 'WellPlate')
    cd /Users/hariom/Desktop/WellPlate
    

SwiftDriverJobDiscovery normal arm64 Emitting module for WellPlate (in target 'WellPlate' from project 'WellPlate')

SwiftDriver\ Compilation\ Requirements WellPlate normal arm64 com.apple.xcode.tools.swift.compiler (in target 'WellPlate' from project 'WellPlate')
    cd /Users/hariom/Desktop/WellPlate
    builtin-Swift-Compilation-Requirements -- /Applications/Xcode.app/Contents/Developer/Toolchains/XcodeDefault.xctoolchain/usr/bin/swiftc -module-name WellPlate -Onone -enforce-exclusivity\=checked @/Users/hariom/Desktop/WellPlate/.build/DerivedData/Build/Intermediates.noindex/WellPlate.build/Debug-iphoneos/WellPlate.build/Objects-normal/arm64/WellPlate.SwiftFileList -DDEBUG -default-isolation\=MainActor -enable-bare-slash-regex -enable-upcoming-feature DisableOutwardActorInference -enable-upcoming-feature InferSendableFromCaptures -enable-upcoming-feature GlobalActorIsolatedTypesUsability -enable-upcoming-feature MemberImportVisibility -enable-upcoming-feature InferIsolatedConformances -enable-upcoming-feature NonisolatedNonsendingByDefault -enable-experimental-feature DebugDescriptionMacro -sdk /Applications/Xcode.app/Contents/Developer/Platforms/iPhoneOS.platform/Developer/SDKs/iPhoneOS26.1.sdk -target arm64-apple-ios26.1 -g -module-cache-path /Users/hariom/Desktop/WellPlate/.build/DerivedData/ModuleCache.noindex -Xfrontend -serialize-debugging-options -enable-testing -index-store-path /Users/hariom/Desktop/WellPlate/.build/DerivedData/Index.noindex/DataStore -Xcc -D_LIBCPP_HARDENING_MODE\=_LIBCPP_HARDENING_MODE_DEBUG -swift-version 5 -I /Users/hariom/Desktop/WellPlate/.build/DerivedData/Build/Products/Debug-iphoneos -F /Users/hariom/Desktop/WellPlate/.build/DerivedData/Build/Products/Debug-iphoneos -emit-localized-strings -emit-localized-strings-path /Users/hariom/Desktop/WellPlate/.build/DerivedData/Build/Intermediates.noindex/WellPlate.build/Debug-iphoneos/WellPlate.build/Objects-normal/arm64 -c -j8 -enable-batch-mode -incremental -Xcc -ivfsstatcache -Xcc /Users/hariom/Desktop/WellPlate/.build/DerivedData/SDKStatCaches.noindex/iphoneos26.1-23B77-3885c01c3e6b6a337905948deab2002e69b33fc7382b27d9b5d46e82a00f8e78.sdkstatcache -output-file-map /Users/hariom/Desktop/WellPlate/.build/DerivedData/Build/Intermediates.noindex/WellPlate.build/Debug-iphoneos/WellPlate.build/Objects-normal/arm64/WellPlate-OutputFileMap.json -use-frontend-parseable-output -save-temps -no-color-diagnostics -explicit-module-build -module-cache-path /Users/hariom/Desktop/WellPlate/.build/DerivedData/Build/Intermediates.noindex/SwiftExplicitPrecompiledModules -clang-scanner-module-cache-path /Users/hariom/Desktop/WellPlate/.build/DerivedData/ModuleCache.noindex -sdk-module-cache-path /Users/hariom/Desktop/WellPlate/.build/DerivedData/ModuleCache.noindex -serialize-diagnostics -emit-dependencies -emit-module -emit-module-path /Users/hariom/Desktop/WellPlate/.build/DerivedData/Build/Intermediates.noindex/WellPlate.build/Debug-iphoneos/WellPlate.build/Objects-normal/arm64/WellPlate.swiftmodule -validate-clang-modules-once -clang-build-session-file /Users/hariom/Desktop/WellPlate/.build/DerivedData/ModuleCache.noindex/Session.modulevalidation -Xcc -I/Users/hariom/Desktop/WellPlate/.build/DerivedData/Build/Intermediates.noindex/WellPlate.build/Debug-iphoneos/WellPlate.build/swift-overrides.hmap -emit-const-values -Xfrontend -const-gather-protocols-file -Xfrontend /Users/hariom/Desktop/WellPlate/.build/DerivedData/Build/Intermediates.noindex/WellPlate.build/Debug-iphoneos/WellPlate.build/Objects-normal/arm64/WellPlate_const_extract_protocols.json -Xcc -iquote -Xcc /Users/hariom/Desktop/WellPlate/.build/DerivedData/Build/Intermediates.noindex/WellPlate.build/Debug-iphoneos/WellPlate.build/WellPlate-generated-files.hmap -Xcc -I/Users/hariom/Desktop/WellPlate/.build/DerivedData/Build/Intermediates.noindex/WellPlate.build/Debug-iphoneos/WellPlate.build/WellPlate-own-target-headers.hmap -Xcc -I/Users/hariom/Desktop/WellPlate/.build/DerivedData/Build/Intermediates.noindex/WellPlate.build/Debug-iphoneos/WellPlate.build/WellPlate-all-target-headers.hmap -Xcc -iquote -Xcc /Users/hariom/Desktop/WellPlate/.build/DerivedData/Build/Intermediates.noindex/WellPlate.build/Debug-iphoneos/WellPlate.build/WellPlate-project-headers.hmap -Xcc -I/Users/hariom/Desktop/WellPlate/.build/DerivedData/Build/Products/Debug-iphoneos/include -Xcc -I/Users/hariom/Desktop/WellPlate/.build/DerivedData/Build/Intermediates.noindex/WellPlate.build/Debug-iphoneos/WellPlate.build/DerivedSources-normal/arm64 -Xcc -I/Users/hariom/Desktop/WellPlate/.build/DerivedData/Build/Intermediates.noindex/WellPlate.build/Debug-iphoneos/WellPlate.build/DerivedSources/arm64 -Xcc -I/Users/hariom/Desktop/WellPlate/.build/DerivedData/Build/Intermediates.noindex/WellPlate.build/Debug-iphoneos/WellPlate.build/DerivedSources -Xcc -DDEBUG\=1 -emit-objc-header -emit-objc-header-path /Users/hariom/Desktop/WellPlate/.build/DerivedData/Build/Intermediates.noindex/WellPlate.build/Debug-iphoneos/WellPlate.build/Objects-normal/arm64/WellPlate-Swift.h -working-directory /Users/hariom/Desktop/WellPlate -experimental-emit-module-separately -disable-cmo

SwiftDriverJobDiscovery normal arm64 Compiling ByoSyncCustomProgressView.swift, CustomProgressView.swift, ImagePicker.swift, LoadingScreenView.swift, MoodCheckInCard.swift, NarratorButton.swift, Font.swift, NormalizeFoodName.swift, SharedFoodData.swift, GeneratedAssetSymbols.swift (in target 'WellPlate' from project 'WellPlate')

SwiftCompile normal arm64 Compiling\ StressModels.swift,\ UserGoals.swift,\ VitalMetric.swift,\ WellnessDayLog.swift,\ MockAPIClient.swift,\ MockDataLoader.swift,\ MockResponseRegistry.swift,\ APIClient.swift,\ APIClientFactory.swift,\ APIClientProtocol.swift,\ AppColor.swift /Users/hariom/Desktop/WellPlate/WellPlate/Models/StressModels.swift /Users/hariom/Desktop/WellPlate/WellPlate/Models/UserGoals.swift /Users/hariom/Desktop/WellPlate/WellPlate/Models/VitalMetric.swift /Users/hariom/Desktop/WellPlate/WellPlate/Models/WellnessDayLog.swift /Users/hariom/Desktop/WellPlate/WellPlate/Networking/Mock/MockAPIClient.swift /Users/hariom/Desktop/WellPlate/WellPlate/Networking/Mock/MockDataLoader.swift /Users/hariom/Desktop/WellPlate/WellPlate/Networking/Mock/MockResponseRegistry.swift /Users/hariom/Desktop/WellPlate/WellPlate/Networking/Real/APIClient.swift /Users/hariom/Desktop/WellPlate/WellPlate/Networking/Real/APIClientFactory.swift /Users/hariom/Desktop/WellPlate/WellPlate/Networking/Real/APIClientProtocol.swift /Users/hariom/Desktop/WellPlate/WellPlate/Shared/Color/AppColor.swift (in target 'WellPlate' from project 'WellPlate')

SwiftCompile normal arm64 /Users/hariom/Desktop/WellPlate/WellPlate/Models/StressModels.swift (in target 'WellPlate' from project 'WellPlate')
    cd /Users/hariom/Desktop/WellPlate
    

SwiftCompile normal arm64 /Users/hariom/Desktop/WellPlate/WellPlate/Models/UserGoals.swift (in target 'WellPlate' from project 'WellPlate')
    cd /Users/hariom/Desktop/WellPlate
    

SwiftCompile normal arm64 /Users/hariom/Desktop/WellPlate/WellPlate/Models/VitalMetric.swift (in target 'WellPlate' from project 'WellPlate')
    cd /Users/hariom/Desktop/WellPlate
    

SwiftCompile normal arm64 /Users/hariom/Desktop/WellPlate/WellPlate/Models/WellnessDayLog.swift (in target 'WellPlate' from project 'WellPlate')
    cd /Users/hariom/Desktop/WellPlate
    

SwiftCompile normal arm64 /Users/hariom/Desktop/WellPlate/WellPlate/Networking/Mock/MockAPIClient.swift (in target 'WellPlate' from project 'WellPlate')
    cd /Users/hariom/Desktop/WellPlate
    
/Users/hariom/Desktop/WellPlate/WellPlate/Networking/Mock/MockAPIClient.swift:23:10: warning: non-Sendable parameter type 'T.Type' cannot be sent from caller of protocol requirement 'request(url:method:headers:body:responseType:)' into main actor-isolated implementation; this is an error in the Swift 6 language mode
    func request<T: Decodable>(
         ^
/Users/hariom/Desktop/WellPlate/WellPlate/Networking/Mock/MockAPIClient.swift:87:10: warning: non-Sendable parameter type 'T.Type' cannot be sent from caller of protocol requirement 'get(url:headers:responseType:)' into main actor-isolated implementation; this is an error in the Swift 6 language mode
    func get<T: Decodable>(
         ^
/Users/hariom/Desktop/WellPlate/WellPlate/Networking/Mock/MockAPIClient.swift:95:10: warning: non-Sendable parameter type 'T.Type' cannot be sent from caller of protocol requirement 'post(url:headers:body:responseType:)' into main actor-isolated implementation; this is an error in the Swift 6 language mode
    func post<T: Decodable>(
         ^
/Users/hariom/Desktop/WellPlate/WellPlate/Networking/Mock/MockAPIClient.swift:104:10: warning: non-Sendable parameter type 'T.Type' cannot be sent from caller of protocol requirement 'put(url:headers:body:responseType:)' into main actor-isolated implementation; this is an error in the Swift 6 language mode
    func put<T: Decodable>(
         ^
/Users/hariom/Desktop/WellPlate/WellPlate/Networking/Mock/MockAPIClient.swift:113:10: warning: non-Sendable parameter type 'T.Type' cannot be sent from caller of protocol requirement 'delete(url:headers:responseType:)' into main actor-isolated implementation; this is an error in the Swift 6 language mode
    func delete<T: Decodable>(
         ^
/Users/hariom/Desktop/WellPlate/WellPlate/Networking/Mock/MockAPIClient.swift:121:10: warning: non-Sendable parameter type 'T.Type' cannot be sent from caller of protocol requirement 'patch(url:headers:body:responseType:)' into main actor-isolated implementation; this is an error in the Swift 6 language mode
    func patch<T: Decodable>(
         ^

SwiftCompile normal arm64 /Users/hariom/Desktop/WellPlate/WellPlate/Networking/Mock/MockDataLoader.swift (in target 'WellPlate' from project 'WellPlate')
    cd /Users/hariom/Desktop/WellPlate
    

SwiftCompile normal arm64 /Users/hariom/Desktop/WellPlate/WellPlate/Networking/Mock/MockResponseRegistry.swift (in target 'WellPlate' from project 'WellPlate')
    cd /Users/hariom/Desktop/WellPlate
    

SwiftCompile normal arm64 /Users/hariom/Desktop/WellPlate/WellPlate/Networking/Real/APIClient.swift (in target 'WellPlate' from project 'WellPlate')
    cd /Users/hariom/Desktop/WellPlate
    
/Users/hariom/Desktop/WellPlate/WellPlate/Networking/Real/APIClient.swift:24:10: warning: non-Sendable parameter type 'T.Type' cannot be sent from caller of protocol requirement 'request(url:method:headers:body:responseType:)' into main actor-isolated implementation; this is an error in the Swift 6 language mode
    func request<T: Decodable>(
         ^
/Users/hariom/Desktop/WellPlate/WellPlate/Networking/Real/APIClient.swift:87:10: warning: non-Sendable parameter type 'T.Type' cannot be sent from caller of protocol requirement 'get(url:headers:responseType:)' into main actor-isolated implementation; this is an error in the Swift 6 language mode
    func get<T: Decodable>(
         ^
/Users/hariom/Desktop/WellPlate/WellPlate/Networking/Real/APIClient.swift:95:10: warning: non-Sendable parameter type 'T.Type' cannot be sent from caller of protocol requirement 'post(url:headers:body:responseType:)' into main actor-isolated implementation; this is an error in the Swift 6 language mode
    func post<T: Decodable>(
         ^
/Users/hariom/Desktop/WellPlate/WellPlate/Networking/Real/APIClient.swift:104:10: warning: non-Sendable parameter type 'T.Type' cannot be sent from caller of protocol requirement 'put(url:headers:body:responseType:)' into main actor-isolated implementation; this is an error in the Swift 6 language mode
    func put<T: Decodable>(
         ^
/Users/hariom/Desktop/WellPlate/WellPlate/Networking/Real/APIClient.swift:113:10: warning: non-Sendable parameter type 'T.Type' cannot be sent from caller of protocol requirement 'delete(url:headers:responseType:)' into main actor-isolated implementation; this is an error in the Swift 6 language mode
    func delete<T: Decodable>(
         ^
/Users/hariom/Desktop/WellPlate/WellPlate/Networking/Real/APIClient.swift:121:10: warning: non-Sendable parameter type 'T.Type' cannot be sent from caller of protocol requirement 'patch(url:headers:body:responseType:)' into main actor-isolated implementation; this is an error in the Swift 6 language mode
    func patch<T: Decodable>(
         ^

SwiftCompile normal arm64 /Users/hariom/Desktop/WellPlate/WellPlate/Networking/Real/APIClientFactory.swift (in target 'WellPlate' from project 'WellPlate')
    cd /Users/hariom/Desktop/WellPlate
    

SwiftCompile normal arm64 /Users/hariom/Desktop/WellPlate/WellPlate/Networking/Real/APIClientProtocol.swift (in target 'WellPlate' from project 'WellPlate')
    cd /Users/hariom/Desktop/WellPlate
    

SwiftCompile normal arm64 /Users/hariom/Desktop/WellPlate/WellPlate/Shared/Color/AppColor.swift (in target 'WellPlate' from project 'WellPlate')
    cd /Users/hariom/Desktop/WellPlate
    

SwiftMergeGeneratedHeaders /Users/hariom/Desktop/WellPlate/.build/DerivedData/Build/Intermediates.noindex/WellPlate.build/Debug-iphoneos/WellPlate.build/DerivedSources/WellPlate-Swift.h /Users/hariom/Desktop/WellPlate/.build/DerivedData/Build/Intermediates.noindex/WellPlate.build/Debug-iphoneos/WellPlate.build/Objects-normal/arm64/WellPlate-Swift.h (in target 'WellPlate' from project 'WellPlate')
    cd /Users/hariom/Desktop/WellPlate
    builtin-swiftHeaderTool -arch arm64 /Users/hariom/Desktop/WellPlate/.build/DerivedData/Build/Intermediates.noindex/WellPlate.build/Debug-iphoneos/WellPlate.build/Objects-normal/arm64/WellPlate-Swift.h -o /Users/hariom/Desktop/WellPlate/.build/DerivedData/Build/Intermediates.noindex/WellPlate.build/Debug-iphoneos/WellPlate.build/DerivedSources/WellPlate-Swift.h

Copy /Users/hariom/Desktop/WellPlate/.build/DerivedData/Build/Products/Debug-iphoneos/WellPlate.swiftmodule/arm64-apple-ios.swiftmodule /Users/hariom/Desktop/WellPlate/.build/DerivedData/Build/Intermediates.noindex/WellPlate.build/Debug-iphoneos/WellPlate.build/Objects-normal/arm64/WellPlate.swiftmodule (in target 'WellPlate' from project 'WellPlate')
    cd /Users/hariom/Desktop/WellPlate
    builtin-copy -exclude .DS_Store -exclude CVS -exclude .svn -exclude .git -exclude .hg -resolve-src-symlinks -rename /Users/hariom/Desktop/WellPlate/.build/DerivedData/Build/Intermediates.noindex/WellPlate.build/Debug-iphoneos/WellPlate.build/Objects-normal/arm64/WellPlate.swiftmodule /Users/hariom/Desktop/WellPlate/.build/DerivedData/Build/Products/Debug-iphoneos/WellPlate.swiftmodule/arm64-apple-ios.swiftmodule

Copy /Users/hariom/Desktop/WellPlate/.build/DerivedData/Build/Products/Debug-iphoneos/WellPlate.swiftmodule/arm64-apple-ios.swiftdoc /Users/hariom/Desktop/WellPlate/.build/DerivedData/Build/Intermediates.noindex/WellPlate.build/Debug-iphoneos/WellPlate.build/Objects-normal/arm64/WellPlate.swiftdoc (in target 'WellPlate' from project 'WellPlate')
    cd /Users/hariom/Desktop/WellPlate
    builtin-copy -exclude .DS_Store -exclude CVS -exclude .svn -exclude .git -exclude .hg -resolve-src-symlinks -rename /Users/hariom/Desktop/WellPlate/.build/DerivedData/Build/Intermediates.noindex/WellPlate.build/Debug-iphoneos/WellPlate.build/Objects-normal/arm64/WellPlate.swiftdoc /Users/hariom/Desktop/WellPlate/.build/DerivedData/Build/Products/Debug-iphoneos/WellPlate.swiftmodule/arm64-apple-ios.swiftdoc

Copy /Users/hariom/Desktop/WellPlate/.build/DerivedData/Build/Products/Debug-iphoneos/WellPlate.swiftmodule/arm64-apple-ios.abi.json /Users/hariom/Desktop/WellPlate/.build/DerivedData/Build/Intermediates.noindex/WellPlate.build/Debug-iphoneos/WellPlate.build/Objects-normal/arm64/WellPlate.abi.json (in target 'WellPlate' from project 'WellPlate')
    cd /Users/hariom/Desktop/WellPlate
    builtin-copy -exclude .DS_Store -exclude CVS -exclude .svn -exclude .git -exclude .hg -resolve-src-symlinks -rename /Users/hariom/Desktop/WellPlate/.build/DerivedData/Build/Intermediates.noindex/WellPlate.build/Debug-iphoneos/WellPlate.build/Objects-normal/arm64/WellPlate.abi.json /Users/hariom/Desktop/WellPlate/.build/DerivedData/Build/Products/Debug-iphoneos/WellPlate.swiftmodule/arm64-apple-ios.abi.json

Copy /Users/hariom/Desktop/WellPlate/.build/DerivedData/Build/Products/Debug-iphoneos/WellPlate.swiftmodule/Project/arm64-apple-ios.swiftsourceinfo /Users/hariom/Desktop/WellPlate/.build/DerivedData/Build/Intermediates.noindex/WellPlate.build/Debug-iphoneos/WellPlate.build/Objects-normal/arm64/WellPlate.swiftsourceinfo (in target 'WellPlate' from project 'WellPlate')
    cd /Users/hariom/Desktop/WellPlate
    builtin-copy -exclude .DS_Store -exclude CVS -exclude .svn -exclude .git -exclude .hg -resolve-src-symlinks -rename /Users/hariom/Desktop/WellPlate/.build/DerivedData/Build/Intermediates.noindex/WellPlate.build/Debug-iphoneos/WellPlate.build/Objects-normal/arm64/WellPlate.swiftsourceinfo /Users/hariom/Desktop/WellPlate/.build/DerivedData/Build/Products/Debug-iphoneos/WellPlate.swiftmodule/Project/arm64-apple-ios.swiftsourceinfo

LinkAssetCatalog /Users/hariom/Desktop/WellPlate/WellPlate/Resources/Assets.xcassets (in target 'WellPlate' from project 'WellPlate')
    cd /Users/hariom/Desktop/WellPlate
    builtin-linkAssetCatalog --thinned /Users/hariom/Desktop/WellPlate/.build/DerivedData/Build/Intermediates.noindex/WellPlate.build/Debug-iphoneos/WellPlate.build/assetcatalog_output/thinned --thinned-dependencies /Users/hariom/Desktop/WellPlate/.build/DerivedData/Build/Intermediates.noindex/WellPlate.build/Debug-iphoneos/WellPlate.build/assetcatalog_dependencies_thinned --thinned-info-plist-content /Users/hariom/Desktop/WellPlate/.build/DerivedData/Build/Intermediates.noindex/WellPlate.build/Debug-iphoneos/WellPlate.build/assetcatalog_generated_info.plist_thinned --unthinned /Users/hariom/Desktop/WellPlate/.build/DerivedData/Build/Intermediates.noindex/WellPlate.build/Debug-iphoneos/WellPlate.build/assetcatalog_output/unthinned --unthinned-dependencies /Users/hariom/Desktop/WellPlate/.build/DerivedData/Build/Intermediates.noindex/WellPlate.build/Debug-iphoneos/WellPlate.build/assetcatalog_dependencies_unthinned --unthinned-info-plist-content /Users/hariom/Desktop/WellPlate/.build/DerivedData/Build/Intermediates.noindex/WellPlate.build/Debug-iphoneos/WellPlate.build/assetcatalog_generated_info.plist_unthinned --output /Users/hariom/Desktop/WellPlate/.build/DerivedData/Build/Products/Debug-iphoneos/WellPlate.app --plist-output /Users/hariom/Desktop/WellPlate/.build/DerivedData/Build/Intermediates.noindex/WellPlate.build/Debug-iphoneos/WellPlate.build/assetcatalog_generated_info.plist
note: Emplaced /Users/hariom/Desktop/WellPlate/.build/DerivedData/Build/Products/Debug-iphoneos/WellPlate.app/Assets.car (in target 'WellPlate' from project 'WellPlate')

SwiftDriverJobDiscovery normal arm64 Compiling StressModels.swift, UserGoals.swift, VitalMetric.swift, WellnessDayLog.swift, MockAPIClient.swift, MockDataLoader.swift, MockResponseRegistry.swift, APIClient.swift, APIClientFactory.swift, APIClientProtocol.swift, AppColor.swift (in target 'WellPlate' from project 'WellPlate')

SwiftDriverJobDiscovery normal arm64 Compiling RootView.swift, SplashScreenView.swift, WellPlateApp.swift, HapticService.swift, HealthKitService.swift, HealthKitServiceProtocol.swift, MealCoachService.swift, NutritionNarratorService.swift, NutritionService.swift, NutritionServiceProtocol.swift, ScreenTimeManager.swift (in target 'WellPlate' from project 'WellPlate')

SwiftDriverJobDiscovery normal arm64 Compiling SoundService.swift, WidgetRefreshHelper.swift, AppConfig.swift, BurnChartView.swift, BurnMetricCardView.swift, MiniLineChartView.swift, ProgressRingView.swift, BurnViewModel.swift, BurnDetailView.swift, BurnView.swift, GoalsViewModel.swift (in target 'WellPlate' from project 'WellPlate')

SwiftDriverJobDiscovery normal arm64 Compiling GoalsView.swift, ActivityCard.swift, CalorieHeroCard.swift, ExpandableFAB.swift, GoalExpandableView.swift, HomeHeaderView.swift, HydrationCard.swift, MealLogCard.swift, QuickAddCard.swift, QuickLogSection.swift, StressInsightCard.swift (in target 'WellPlate' from project 'WellPlate')

SwiftDriverJobDiscovery normal arm64 Compiling StressView.swift, StressVitalCardView.swift, VitalDetailView.swift, BurnView_REMOVE.swift, MainTabView.swift, ProfileView.swift, FoodCache.swift, FoodLogEntry.swift, HealthModels.swift, NutritionalInfo.swift, NutritionModels.swift (in target 'WellPlate' from project 'WellPlate')

SwiftDriverJobDiscovery normal arm64 Compiling SleepStageBarView.swift, SleepViewModel.swift, SleepDetailView.swift, SleepView.swift, StressViewModel.swift, DietDetailView.swift, ExerciseDetailView.swift, ScreenTimeDetailView.swift, ScreenTimeInputSheet.swift, StressFactorCardView.swift, StressScoreGaugeView.swift (in target 'WellPlate' from project 'WellPlate')

SwiftDriverJobDiscovery normal arm64 Compiling WellnessRingsCard.swift, HomeViewModel.swift, WellnessCalendarViewModel.swift, DisambiguationChipsView.swift, FoodJournalView.swift, HomeView.swift, StreakDetailView.swift, WellnessCalendarView.swift, FoodOption.swift, ProgressInsightsView.swift, SleepChartView.swift (in target 'WellPlate' from project 'WellPlate')

SwiftDriver\ Compilation WellPlate normal arm64 com.apple.xcode.tools.swift.compiler (in target 'WellPlate' from project 'WellPlate')
    cd /Users/hariom/Desktop/WellPlate
    builtin-Swift-Compilation -- /Applications/Xcode.app/Contents/Developer/Toolchains/XcodeDefault.xctoolchain/usr/bin/swiftc -module-name WellPlate -Onone -enforce-exclusivity\=checked @/Users/hariom/Desktop/WellPlate/.build/DerivedData/Build/Intermediates.noindex/WellPlate.build/Debug-iphoneos/WellPlate.build/Objects-normal/arm64/WellPlate.SwiftFileList -DDEBUG -default-isolation\=MainActor -enable-bare-slash-regex -enable-upcoming-feature DisableOutwardActorInference -enable-upcoming-feature InferSendableFromCaptures -enable-upcoming-feature GlobalActorIsolatedTypesUsability -enable-upcoming-feature MemberImportVisibility -enable-upcoming-feature InferIsolatedConformances -enable-upcoming-feature NonisolatedNonsendingByDefault -enable-experimental-feature DebugDescriptionMacro -sdk /Applications/Xcode.app/Contents/Developer/Platforms/iPhoneOS.platform/Developer/SDKs/iPhoneOS26.1.sdk -target arm64-apple-ios26.1 -g -module-cache-path /Users/hariom/Desktop/WellPlate/.build/DerivedData/ModuleCache.noindex -Xfrontend -serialize-debugging-options -enable-testing -index-store-path /Users/hariom/Desktop/WellPlate/.build/DerivedData/Index.noindex/DataStore -Xcc -D_LIBCPP_HARDENING_MODE\=_LIBCPP_HARDENING_MODE_DEBUG -swift-version 5 -I /Users/hariom/Desktop/WellPlate/.build/DerivedData/Build/Products/Debug-iphoneos -F /Users/hariom/Desktop/WellPlate/.build/DerivedData/Build/Products/Debug-iphoneos -emit-localized-strings -emit-localized-strings-path /Users/hariom/Desktop/WellPlate/.build/DerivedData/Build/Intermediates.noindex/WellPlate.build/Debug-iphoneos/WellPlate.build/Objects-normal/arm64 -c -j8 -enable-batch-mode -incremental -Xcc -ivfsstatcache -Xcc /Users/hariom/Desktop/WellPlate/.build/DerivedData/SDKStatCaches.noindex/iphoneos26.1-23B77-3885c01c3e6b6a337905948deab2002e69b33fc7382b27d9b5d46e82a00f8e78.sdkstatcache -output-file-map /Users/hariom/Desktop/WellPlate/.build/DerivedData/Build/Intermediates.noindex/WellPlate.build/Debug-iphoneos/WellPlate.build/Objects-normal/arm64/WellPlate-OutputFileMap.json -use-frontend-parseable-output -save-temps -no-color-diagnostics -explicit-module-build -module-cache-path /Users/hariom/Desktop/WellPlate/.build/DerivedData/Build/Intermediates.noindex/SwiftExplicitPrecompiledModules -clang-scanner-module-cache-path /Users/hariom/Desktop/WellPlate/.build/DerivedData/ModuleCache.noindex -sdk-module-cache-path /Users/hariom/Desktop/WellPlate/.build/DerivedData/ModuleCache.noindex -serialize-diagnostics -emit-dependencies -emit-module -emit-module-path /Users/hariom/Desktop/WellPlate/.build/DerivedData/Build/Intermediates.noindex/WellPlate.build/Debug-iphoneos/WellPlate.build/Objects-normal/arm64/WellPlate.swiftmodule -validate-clang-modules-once -clang-build-session-file /Users/hariom/Desktop/WellPlate/.build/DerivedData/ModuleCache.noindex/Session.modulevalidation -Xcc -I/Users/hariom/Desktop/WellPlate/.build/DerivedData/Build/Intermediates.noindex/WellPlate.build/Debug-iphoneos/WellPlate.build/swift-overrides.hmap -emit-const-values -Xfrontend -const-gather-protocols-file -Xfrontend /Users/hariom/Desktop/WellPlate/.build/DerivedData/Build/Intermediates.noindex/WellPlate.build/Debug-iphoneos/WellPlate.build/Objects-normal/arm64/WellPlate_const_extract_protocols.json -Xcc -iquote -Xcc /Users/hariom/Desktop/WellPlate/.build/DerivedData/Build/Intermediates.noindex/WellPlate.build/Debug-iphoneos/WellPlate.build/WellPlate-generated-files.hmap -Xcc -I/Users/hariom/Desktop/WellPlate/.build/DerivedData/Build/Intermediates.noindex/WellPlate.build/Debug-iphoneos/WellPlate.build/WellPlate-own-target-headers.hmap -Xcc -I/Users/hariom/Desktop/WellPlate/.build/DerivedData/Build/Intermediates.noindex/WellPlate.build/Debug-iphoneos/WellPlate.build/WellPlate-all-target-headers.hmap -Xcc -iquote -Xcc /Users/hariom/Desktop/WellPlate/.build/DerivedData/Build/Intermediates.noindex/WellPlate.build/Debug-iphoneos/WellPlate.build/WellPlate-project-headers.hmap -Xcc -I/Users/hariom/Desktop/WellPlate/.build/DerivedData/Build/Products/Debug-iphoneos/include -Xcc -I/Users/hariom/Desktop/WellPlate/.build/DerivedData/Build/Intermediates.noindex/WellPlate.build/Debug-iphoneos/WellPlate.build/DerivedSources-normal/arm64 -Xcc -I/Users/hariom/Desktop/WellPlate/.build/DerivedData/Build/Intermediates.noindex/WellPlate.build/Debug-iphoneos/WellPlate.build/DerivedSources/arm64 -Xcc -I/Users/hariom/Desktop/WellPlate/.build/DerivedData/Build/Intermediates.noindex/WellPlate.build/Debug-iphoneos/WellPlate.build/DerivedSources -Xcc -DDEBUG\=1 -emit-objc-header -emit-objc-header-path /Users/hariom/Desktop/WellPlate/.build/DerivedData/Build/Intermediates.noindex/WellPlate.build/Debug-iphoneos/WellPlate.build/Objects-normal/arm64/WellPlate-Swift.h -working-directory /Users/hariom/Desktop/WellPlate -experimental-emit-module-separately -disable-cmo

Ld /Users/hariom/Desktop/WellPlate/.build/DerivedData/Build/Products/Debug-iphoneos/WellPlate.app/WellPlate.debug.dylib normal (in target 'WellPlate' from project 'WellPlate')
    cd /Users/hariom/Desktop/WellPlate
    /Applications/Xcode.app/Contents/Developer/Toolchains/XcodeDefault.xctoolchain/usr/bin/clang -Xlinker -reproducible -target arm64-apple-ios26.1 -dynamiclib -isysroot /Applications/Xcode.app/Contents/Developer/Platforms/iPhoneOS.platform/Developer/SDKs/iPhoneOS26.1.sdk -O0 -L/Users/hariom/Desktop/WellPlate/.build/DerivedData/Build/Intermediates.noindex/EagerLinkingTBDs/Debug-iphoneos -L/Users/hariom/Desktop/WellPlate/.build/DerivedData/Build/Products/Debug-iphoneos -F/Users/hariom/Desktop/WellPlate/.build/DerivedData/Build/Intermediates.noindex/EagerLinkingTBDs/Debug-iphoneos -F/Users/hariom/Desktop/WellPlate/.build/DerivedData/Build/Products/Debug-iphoneos -filelist /Users/hariom/Desktop/WellPlate/.build/DerivedData/Build/Intermediates.noindex/WellPlate.build/Debug-iphoneos/WellPlate.build/Objects-normal/arm64/WellPlate.LinkFileList -install_name @rpath/WellPlate.debug.dylib -Xlinker -rpath -Xlinker @executable_path/Frameworks -dead_strip -Xlinker -object_path_lto -Xlinker /Users/hariom/Desktop/WellPlate/.build/DerivedData/Build/Intermediates.noindex/WellPlate.build/Debug-iphoneos/WellPlate.build/Objects-normal/arm64/WellPlate_lto.o -rdynamic -Xlinker -no_deduplicate -Xlinker -dependency_info -Xlinker /Users/hariom/Desktop/WellPlate/.build/DerivedData/Build/Intermediates.noindex/WellPlate.build/Debug-iphoneos/WellPlate.build/Objects-normal/arm64/WellPlate_dependency_info.dat -fobjc-link-runtime -L/Applications/Xcode.app/Contents/Developer/Toolchains/XcodeDefault.xctoolchain/usr/lib/swift/iphoneos -L/usr/lib/swift -Xlinker -add_ast_path -Xlinker /Users/hariom/Desktop/WellPlate/.build/DerivedData/Build/Intermediates.noindex/WellPlate.build/Debug-iphoneos/WellPlate.build/Objects-normal/arm64/WellPlate.swiftmodule @/Users/hariom/Desktop/WellPlate/.build/DerivedData/Build/Intermediates.noindex/WellPlate.build/Debug-iphoneos/WellPlate.build/Objects-normal/arm64/WellPlate-linker-args.resp -Xlinker -alias -Xlinker _main -Xlinker ___debug_main_executable_dylib_entry_point -framework HealthKit -framework FamilyControls -framework HealthKitUI -framework ScreenTime -o /Users/hariom/Desktop/WellPlate/.build/DerivedData/Build/Products/Debug-iphoneos/WellPlate.app/WellPlate.debug.dylib

ConstructStubExecutorLinkFileList /Users/hariom/Desktop/WellPlate/.build/DerivedData/Build/Intermediates.noindex/WellPlate.build/Debug-iphoneos/WellPlate.build/WellPlate-ExecutorLinkFileList-normal-arm64.txt (in target 'WellPlate' from project 'WellPlate')
    cd /Users/hariom/Desktop/WellPlate
    construct-stub-executor-link-file-list /Users/hariom/Desktop/WellPlate/.build/DerivedData/Build/Products/Debug-iphoneos/WellPlate.app/WellPlate.debug.dylib /Applications/Xcode.app/Contents/Developer/Platforms/iPhoneOS.platform/Developer/usr/lib/libPreviewsJITStubExecutor_no_swift_entry_point.a /Applications/Xcode.app/Contents/Developer/Platforms/iPhoneOS.platform/Developer/usr/lib/libPreviewsJITStubExecutor.a --output /Users/hariom/Desktop/WellPlate/.build/DerivedData/Build/Intermediates.noindex/WellPlate.build/Debug-iphoneos/WellPlate.build/WellPlate-ExecutorLinkFileList-normal-arm64.txt
note: Using stub executor library with Swift entry point. (in target 'WellPlate' from project 'WellPlate')

Ld /Users/hariom/Desktop/WellPlate/.build/DerivedData/Build/Products/Debug-iphoneos/WellPlate.app/WellPlate normal (in target 'WellPlate' from project 'WellPlate')
    cd /Users/hariom/Desktop/WellPlate
    /Applications/Xcode.app/Contents/Developer/Toolchains/XcodeDefault.xctoolchain/usr/bin/clang -Xlinker -reproducible -target arm64-apple-ios26.1 -isysroot /Applications/Xcode.app/Contents/Developer/Platforms/iPhoneOS.platform/Developer/SDKs/iPhoneOS26.1.sdk -O0 -L/Users/hariom/Desktop/WellPlate/.build/DerivedData/Build/Products/Debug-iphoneos -F/Users/hariom/Desktop/WellPlate/.build/DerivedData/Build/Products/Debug-iphoneos -Xlinker -rpath -Xlinker @executable_path -Xlinker -rpath -Xlinker @executable_path/Frameworks -rdynamic -Xlinker -no_deduplicate -e ___debug_blank_executor_main -Xlinker -sectcreate -Xlinker __TEXT -Xlinker __debug_dylib -Xlinker /Users/hariom/Desktop/WellPlate/.build/DerivedData/Build/Intermediates.noindex/WellPlate.build/Debug-iphoneos/WellPlate.build/WellPlate-DebugDylibPath-normal-arm64.txt -Xlinker -sectcreate -Xlinker __TEXT -Xlinker __debug_instlnm -Xlinker /Users/hariom/Desktop/WellPlate/.build/DerivedData/Build/Intermediates.noindex/WellPlate.build/Debug-iphoneos/WellPlate.build/WellPlate-DebugDylibInstallName-normal-arm64.txt -Xlinker -filelist -Xlinker /Users/hariom/Desktop/WellPlate/.build/DerivedData/Build/Intermediates.noindex/WellPlate.build/Debug-iphoneos/WellPlate.build/WellPlate-ExecutorLinkFileList-normal-arm64.txt /Users/hariom/Desktop/WellPlate/.build/DerivedData/Build/Products/Debug-iphoneos/WellPlate.app/WellPlate.debug.dylib -o /Users/hariom/Desktop/WellPlate/.build/DerivedData/Build/Products/Debug-iphoneos/WellPlate.app/WellPlate

Copy /Users/hariom/Desktop/WellPlate/.build/DerivedData/Build/Products/Debug-iphoneos/WellPlate.app/PlugIns/WellPlateWidget.appex /Users/hariom/Desktop/WellPlate/.build/DerivedData/Build/Products/Debug-iphoneos/WellPlateWidget.appex (in target 'WellPlate' from project 'WellPlate')
    cd /Users/hariom/Desktop/WellPlate
    builtin-copy -exclude .DS_Store -exclude CVS -exclude .svn -exclude .git -exclude .hg -exclude Headers -exclude PrivateHeaders -exclude Modules -exclude \*.tbd -resolve-src-symlinks -remove-static-executable /Users/hariom/Desktop/WellPlate/.build/DerivedData/Build/Products/Debug-iphoneos/WellPlateWidget.appex /Users/hariom/Desktop/WellPlate/.build/DerivedData/Build/Products/Debug-iphoneos/WellPlate.app/PlugIns

Copy /Users/hariom/Desktop/WellPlate/.build/DerivedData/Build/Products/Debug-iphoneos/WellPlate.app/PlugIns/ScreenTimeReport.appex /Users/hariom/Desktop/WellPlate/.build/DerivedData/Build/Products/Debug-iphoneos/ScreenTimeReport.appex (in target 'WellPlate' from project 'WellPlate')
    cd /Users/hariom/Desktop/WellPlate
    builtin-copy -exclude .DS_Store -exclude CVS -exclude .svn -exclude .git -exclude .hg -exclude Headers -exclude PrivateHeaders -exclude Modules -exclude \*.tbd -resolve-src-symlinks -remove-static-executable /Users/hariom/Desktop/WellPlate/.build/DerivedData/Build/Products/Debug-iphoneos/ScreenTimeReport.appex /Users/hariom/Desktop/WellPlate/.build/DerivedData/Build/Products/Debug-iphoneos/WellPlate.app/PlugIns

Copy /Users/hariom/Desktop/WellPlate/.build/DerivedData/Build/Products/Debug-iphoneos/WellPlate.app/PlugIns/ScreenTimeMonitor.appex /Users/hariom/Desktop/WellPlate/.build/DerivedData/Build/Products/Debug-iphoneos/ScreenTimeMonitor.appex (in target 'WellPlate' from project 'WellPlate')
    cd /Users/hariom/Desktop/WellPlate
    builtin-copy -exclude .DS_Store -exclude CVS -exclude .svn -exclude .git -exclude .hg -exclude Headers -exclude PrivateHeaders -exclude Modules -exclude \*.tbd -resolve-src-symlinks -remove-static-executable /Users/hariom/Desktop/WellPlate/.build/DerivedData/Build/Products/Debug-iphoneos/ScreenTimeMonitor.appex /Users/hariom/Desktop/WellPlate/.build/DerivedData/Build/Products/Debug-iphoneos/WellPlate.app/PlugIns

ProcessInfoPlistFile /Users/hariom/Desktop/WellPlate/.build/DerivedData/Build/Products/Debug-iphoneos/WellPlate.app/Info.plist /Users/hariom/Desktop/WellPlate/.build/DerivedData/Build/Intermediates.noindex/WellPlate.build/Debug-iphoneos/WellPlate.build/empty-WellPlate.plist (in target 'WellPlate' from project 'WellPlate')
    cd /Users/hariom/Desktop/WellPlate
    builtin-infoPlistUtility /Users/hariom/Desktop/WellPlate/.build/DerivedData/Build/Intermediates.noindex/WellPlate.build/Debug-iphoneos/WellPlate.build/empty-WellPlate.plist -producttype com.apple.product-type.application -genpkginfo /Users/hariom/Desktop/WellPlate/.build/DerivedData/Build/Products/Debug-iphoneos/WellPlate.app/PkgInfo -expandbuildsettings -format binary -platform iphoneos -additionalcontentfile /Users/hariom/Desktop/WellPlate/.build/DerivedData/Build/Intermediates.noindex/WellPlate.build/Debug-iphoneos/WellPlate.build/assetcatalog_generated_info.plist -scanforprivacyfile /Users/hariom/Desktop/WellPlate/.build/DerivedData/Build/Products/Debug-iphoneos/WellPlate.app/PlugIns/ScreenTimeMonitor.appex -scanforprivacyfile /Users/hariom/Desktop/WellPlate/.build/DerivedData/Build/Products/Debug-iphoneos/WellPlate.app/PlugIns/ScreenTimeReport.appex -scanforprivacyfile /Users/hariom/Desktop/WellPlate/.build/DerivedData/Build/Products/Debug-iphoneos/WellPlate.app/PlugIns/WellPlateWidget.appex -requiredArchitecture arm64 -o /Users/hariom/Desktop/WellPlate/.build/DerivedData/Build/Products/Debug-iphoneos/WellPlate.app/Info.plist

CopySwiftLibs /Users/hariom/Desktop/WellPlate/.build/DerivedData/Build/Products/Debug-iphoneos/WellPlate.app (in target 'WellPlate' from project 'WellPlate')
    cd /Users/hariom/Desktop/WellPlate
    builtin-swiftStdLibTool --copy --verbose --scan-executable /Users/hariom/Desktop/WellPlate/.build/DerivedData/Build/Products/Debug-iphoneos/WellPlate.app/WellPlate.debug.dylib --scan-folder /Users/hariom/Desktop/WellPlate/.build/DerivedData/Build/Products/Debug-iphoneos/WellPlate.app/Frameworks --scan-folder /Users/hariom/Desktop/WellPlate/.build/DerivedData/Build/Products/Debug-iphoneos/WellPlate.app/PlugIns --scan-folder /Users/hariom/Desktop/WellPlate/.build/DerivedData/Build/Products/Debug-iphoneos/WellPlate.app/SystemExtensions --scan-folder /Users/hariom/Desktop/WellPlate/.build/DerivedData/Build/Products/Debug-iphoneos/WellPlate.app/Extensions --scan-folder /Applications/Xcode.app/Contents/Developer/Platforms/iPhoneOS.platform/Developer/SDKs/iPhoneOS26.1.sdk/System/Library/Frameworks/HealthKit.framework --scan-folder /Applications/Xcode.app/Contents/Developer/Platforms/iPhoneOS.platform/Developer/SDKs/iPhoneOS26.1.sdk/System/Library/Frameworks/FamilyControls.framework --scan-folder /Applications/Xcode.app/Contents/Developer/Platforms/iPhoneOS.platform/Developer/SDKs/iPhoneOS26.1.sdk/System/Library/Frameworks/HealthKitUI.framework --scan-folder /Applications/Xcode.app/Contents/Developer/Platforms/iPhoneOS.platform/Developer/SDKs/iPhoneOS26.1.sdk/System/Library/Frameworks/ScreenTime.framework --platform iphoneos --toolchain /var/run/com.apple.security.cryptexd/mnt/com.apple.MobileAsset.MetalToolchain-v17.2.54.0.9jH0Pi/Metal.xctoolchain --toolchain /Applications/Xcode.app/Contents/Developer/Toolchains/XcodeDefault.xctoolchain --destination /Users/hariom/Desktop/WellPlate/.build/DerivedData/Build/Products/Debug-iphoneos/WellPlate.app/Frameworks --strip-bitcode --strip-bitcode-tool /Applications/Xcode.app/Contents/Developer/Toolchains/XcodeDefault.xctoolchain/usr/bin/bitcode_strip --emit-dependency-info /Users/hariom/Desktop/WellPlate/.build/DerivedData/Build/Intermediates.noindex/WellPlate.build/Debug-iphoneos/WellPlate.build/SwiftStdLibToolInputDependencies.dep --filter-for-swift-os
Ignoring --strip-bitcode because --sign was not passed

ExtractAppIntentsMetadata (in target 'WellPlate' from project 'WellPlate')
    cd /Users/hariom/Desktop/WellPlate
    /Applications/Xcode.app/Contents/Developer/Toolchains/XcodeDefault.xctoolchain/usr/bin/appintentsmetadataprocessor --toolchain-dir /var/run/com.apple.security.cryptexd/mnt/com.apple.MobileAsset.MetalToolchain-v17.2.54.0.9jH0Pi/Metal.xctoolchain --module-name WellPlate --sdk-root /Applications/Xcode.app/Contents/Developer/Platforms/iPhoneOS.platform/Developer/SDKs/iPhoneOS26.1.sdk --xcode-version 17B100 --platform-family iOS --deployment-target 26.1 --bundle-identifier com.hariom.wellplate --output /Users/hariom/Desktop/WellPlate/.build/DerivedData/Build/Products/Debug-iphoneos/WellPlate.app --target-triple arm64-apple-ios26.1 --binary-file /Users/hariom/Desktop/WellPlate/.build/DerivedData/Build/Products/Debug-iphoneos/WellPlate.app/WellPlate --dependency-file /Users/hariom/Desktop/WellPlate/.build/DerivedData/Build/Intermediates.noindex/WellPlate.build/Debug-iphoneos/WellPlate.build/Objects-normal/arm64/WellPlate_dependency_info.dat --stringsdata-file /Users/hariom/Desktop/WellPlate/.build/DerivedData/Build/Intermediates.noindex/WellPlate.build/Debug-iphoneos/WellPlate.build/Objects-normal/arm64/ExtractedAppShortcutsMetadata.stringsdata --source-file-list /Users/hariom/Desktop/WellPlate/.build/DerivedData/Build/Intermediates.noindex/WellPlate.build/Debug-iphoneos/WellPlate.build/Objects-normal/arm64/WellPlate.SwiftFileList --metadata-file-list /Users/hariom/Desktop/WellPlate/.build/DerivedData/Build/Intermediates.noindex/WellPlate.build/Debug-iphoneos/WellPlate.build/WellPlate.DependencyMetadataFileList --static-metadata-file-list /Users/hariom/Desktop/WellPlate/.build/DerivedData/Build/Intermediates.noindex/WellPlate.build/Debug-iphoneos/WellPlate.build/WellPlate.DependencyStaticMetadataFileList --swift-const-vals-list /Users/hariom/Desktop/WellPlate/.build/DerivedData/Build/Intermediates.noindex/WellPlate.build/Debug-iphoneos/WellPlate.build/Objects-normal/arm64/WellPlate.SwiftConstValuesFileList --compile-time-extraction --deployment-aware-processing --validate-assistant-intents --no-app-shortcuts-localization
2026-03-08 21:40:36.892 appintentsmetadataprocessor[70912:10027628] Starting appintentsmetadataprocessor export
2026-03-08 21:40:36.994 appintentsmetadataprocessor[70912:10027628] Extracted no relevant App Intents symbols, skipping writing output

ValidateEmbeddedBinary /Users/hariom/Desktop/WellPlate/.build/DerivedData/Build/Products/Debug-iphoneos/WellPlate.app/PlugIns/WellPlateWidget.appex (in target 'WellPlate' from project 'WellPlate')
    cd /Users/hariom/Desktop/WellPlate
    /Applications/Xcode.app/Contents/Developer/usr/bin/embeddedBinaryValidationUtility /Users/hariom/Desktop/WellPlate/.build/DerivedData/Build/Products/Debug-iphoneos/WellPlate.app/PlugIns/WellPlateWidget.appex -info-plist-path /Users/hariom/Desktop/WellPlate/.build/DerivedData/Build/Products/Debug-iphoneos/WellPlate.app/Info.plist

ValidateEmbeddedBinary /Users/hariom/Desktop/WellPlate/.build/DerivedData/Build/Products/Debug-iphoneos/WellPlate.app/PlugIns/ScreenTimeMonitor.appex (in target 'WellPlate' from project 'WellPlate')
    cd /Users/hariom/Desktop/WellPlate
    /Applications/Xcode.app/Contents/Developer/usr/bin/embeddedBinaryValidationUtility /Users/hariom/Desktop/WellPlate/.build/DerivedData/Build/Products/Debug-iphoneos/WellPlate.app/PlugIns/ScreenTimeMonitor.appex -info-plist-path /Users/hariom/Desktop/WellPlate/.build/DerivedData/Build/Products/Debug-iphoneos/WellPlate.app/Info.plist

ValidateEmbeddedBinary /Users/hariom/Desktop/WellPlate/.build/DerivedData/Build/Products/Debug-iphoneos/WellPlate.app/PlugIns/ScreenTimeReport.appex (in target 'WellPlate' from project 'WellPlate')
    cd /Users/hariom/Desktop/WellPlate
    /Applications/Xcode.app/Contents/Developer/usr/bin/embeddedBinaryValidationUtility /Users/hariom/Desktop/WellPlate/.build/DerivedData/Build/Products/Debug-iphoneos/WellPlate.app/PlugIns/ScreenTimeReport.appex -info-plist-path /Users/hariom/Desktop/WellPlate/.build/DerivedData/Build/Products/Debug-iphoneos/WellPlate.app/Info.plist

AppIntentsSSUTraining (in target 'WellPlate' from project 'WellPlate')
    cd /Users/hariom/Desktop/WellPlate
    /Applications/Xcode.app/Contents/Developer/Toolchains/XcodeDefault.xctoolchain/usr/bin/appintentsnltrainingprocessor --infoplist-path /Users/hariom/Desktop/WellPlate/.build/DerivedData/Build/Products/Debug-iphoneos/WellPlate.app/Info.plist --temp-dir-path /Users/hariom/Desktop/WellPlate/.build/DerivedData/Build/Intermediates.noindex/WellPlate.build/Debug-iphoneos/WellPlate.build/ssu --bundle-id com.hariom.wellplate --product-path /Users/hariom/Desktop/WellPlate/.build/DerivedData/Build/Products/Debug-iphoneos/WellPlate.app --extracted-metadata-path /Users/hariom/Desktop/WellPlate/.build/DerivedData/Build/Products/Debug-iphoneos/WellPlate.app/Metadata.appintents --metadata-file-list /Users/hariom/Desktop/WellPlate/.build/DerivedData/Build/Intermediates.noindex/WellPlate.build/Debug-iphoneos/WellPlate.build/WellPlate.DependencyMetadataFileList --archive-ssu-assets
2026-03-08 21:40:37.018 appintentsnltrainingprocessor[70917:10027646] Parsing options for appintentsnltrainingprocessor
2026-03-08 21:40:37.019 appintentsnltrainingprocessor[70917:10027646] No AppShortcuts found - Skipping.

RegisterExecutionPolicyException /Users/hariom/Desktop/WellPlate/.build/DerivedData/Build/Products/Debug-iphoneos/WellPlate.app (in target 'WellPlate' from project 'WellPlate')
    cd /Users/hariom/Desktop/WellPlate
    builtin-RegisterExecutionPolicyException /Users/hariom/Desktop/WellPlate/.build/DerivedData/Build/Products/Debug-iphoneos/WellPlate.app

Validate /Users/hariom/Desktop/WellPlate/.build/DerivedData/Build/Products/Debug-iphoneos/WellPlate.app (in target 'WellPlate' from project 'WellPlate')
    cd /Users/hariom/Desktop/WellPlate
    builtin-validationUtility /Users/hariom/Desktop/WellPlate/.build/DerivedData/Build/Products/Debug-iphoneos/WellPlate.app -shallow-bundle -infoplist-subpath Info.plist

Touch /Users/hariom/Desktop/WellPlate/.build/DerivedData/Build/Products/Debug-iphoneos/WellPlate.app (in target 'WellPlate' from project 'WellPlate')
    cd /Users/hariom/Desktop/WellPlate
    /usr/bin/touch -c /Users/hariom/Desktop/WellPlate/.build/DerivedData/Build/Products/Debug-iphoneos/WellPlate.app


Result bundle written to path:
	/Users/hariom/Desktop/WellPlate/.build/result-3.xcresult

** BUILD SUCCEEDED **

